# SET FILE OPENING MESSAGES OFF
#SET OPEN OFF
#DISK
# DONT CREATE AN 'EXPORT' FILE
#SET EXPORT OFF
# DISABLE FILE OPENING MESSAGES
#SET OPEN OFF
#USE CRYSINIT.DAT
#SET TERM WIN
# UNCOMMENT THIS TO ALWAYS TURN OFF AUTOMATIC BOND TYPE
# ASSIGNEMENT AND RENDERING
# SET BONDTYPE ON
# CHECK FOR CELL AND REFLECTIONS
#SCRIPT L6CHECK
# CHECK FOR OLD FORMAT LIST 5'S. THIS CAN BE DISABLED
# IF YOU HAVE NO OLD CRYSTALS DSC OR LIST 5 FILES FROM
# BEFORE FEB 1999.
#SCRIPT DSCCHECK
#SET AUTOUPDT ON
# LOAD LISTS REQUIRED FOR GID MODEL VIEW.
#SCRIPT XNEWGUI
# USE LOCAL CRYSTART.DAT IF PRESENT.
#USE CRYSTART.DAT
#TYPE CYCLO.TXT
# DISPLAY THE "TIP OF THE DAY". THIS LINE CAN BE REMOVED
# IF IT REALLY ANNOYS YOU:
#SCRIPT TIPAUTO
#SCRIPT GUIDEAUTO
#SCRIPT XGUIDE
#SCRIPT XGUIDEI
#USE CRYUSEFILE:
#USE CONTROL
#SCRIPT XGUIDEIC
 0001*  #SCRIPT XGUIDEIC 
#SCRIPT XFILE_ANY
#SPAWN % "CRYSDIR:SHELX2CRY.EXE" "C:\USERS\RICHARD.COOPER\DOCUMENTS\GITHUB\CRYST
#SCRIPT DIFFEXEC
#DISK
#RELEASE PRINT INITIAL.LIS
