#RELEASE LOG INITIAL.DAT
#USE CRYSTALSINPUT.CRY
#LIST 1
#LIST 20
#LIST 30
#LIST 1
#LIST 31
#LIST 2
# SGINFO PG CODE#:    6
# CRYSTALS LG CODE#:    3
#FLIMIT  3
#LIST 14
#FLIMIT  3
Space group symbol is   P    21   21   21  

    Fourier limits are :-
                              X axis from  0.000 to  1.000
                              Y axis from  0.000 to  1.000
                              Z axis from  0.000 to  0.250

   Patterson limits are :-
                              X axis from  0.000 to  0.500
                              Y axis from  0.000 to  0.500
                              Z axis from  0.000 to  0.500
#LIST 13
#COMPOSITION
#LIST 3
#LIST 29
#LIST 28
#LIST 16
# REMOVE SPACE AFTER HASH TO ACTIVATE NEXT LINE
# USE LAST
#LIST 23
# READ IN REFLECTIONS
#CLOSE HKLI
#OPEN HKLI  "CYCLO.HKL"
#HKLI

 No scales found

 A scale of   1.00000  has been assumed

 The updated reflections are now on UNIT 53



    1866 reflections accepted           0 reflections rejected
#CLOSE HKLI
#SCRIPT XPROC6
#SCRIPT XFRIEDEL
#SCRIPT XGETWZ
#GENERALEDIT 13
#GENERALEDIT 29
#GENERALEDIT 2
#SCRIPT XSET28
#GENERALEDIT 23
#GENERALEDIT 13
#SYSTEMATIC


 THIS IS THE DEFAULT SETTING FOR THE TITLE, PROVIDED WHEN NO USER TITLE IS GIVEN.     Date  05/11/18    Time  21:09:52




                               H     K     L     I or /FO/     Sigma      JCODE    Serial

 Systematic absence            0.    0.    3.         1.9        0.2         0.        0.
 Systematic absence            0.    0.    5.        -0.8        0.3         0.        0.
 Systematic absence            0.    0.    7.         1.0        0.3         0.        0.
 Systematic absence            0.    0.    9.         0.5        0.6         0.        0.
 Systematic absence            0.    0.   11.         0.9        0.2         0.        0.
 Systematic absence            0.    0.   13.         1.0        0.1         0.        0.
 Systematic absence            0.    0.   15.        -1.5        0.9         0.        0.
 Systematic absence            0.    0.   17.         2.0        0.8         0.        0.
 Systematic absence            0.    3.    0.         1.5        0.3         0.        0.
 Systematic absence            0.    5.    0.         1.4        0.5         0.        0.
 Systematic absence            0.    7.    0.        -1.4        0.5         0.        0.
 Systematic absence            0.    9.    0.         2.1        0.6         0.        0.
 Systematic absence            0.   11.    0.        -1.6        0.7         0.        0.
 Systematic absence            0.   13.    0.         1.8        0.9         0.        0.
 Systematic absence            1.    0.    0.         1.6        0.3         0.        0.
 Systematic absence            3.    0.    0.         1.8        0.4         0.        0.
 Systematic absence            5.    0.    0.         1.2        0.8         0.        0.
 The updated reflections are now on UNIT 52



     17 absences,   mean Fo =   0.800,   rms Fo/sigma(Fo)=   4.497

Fo range            -ve   1.000   2.000   4.000   8.000  16.000  Remainder
Mean Fo          -1.321   0.721   1.474   2.085   0.000   0.000   0.000
Number                4       2       9       2       0       0       0

Fo/sigma range      -ve   1.000   2.000   4.000   8.000  16.000  Remainder
rms (Fo/sigma)    2.451   0.857   1.690   3.405   5.459  11.667   0.000
Number                4       1       2       5       4       1       0

   1849 reflections accepted              17 reflections rejected
#SORT
 After   1 pass    1849 reflection(s) have been sorted
 The updated reflections are now on UNIT 53
#MERGE


 THIS IS THE DEFAULT SETTING FOR THE TITLE, PROVIDED WHEN NO USER TITLE IS GIVEN.     Date  05/11/18    Time  21:09:52


                                                    F-squared     Delta     sigma   E-param    Weight   JCODE    Serial
    H   K   L  F-squared    rmsdev    <sigma>           Nref $   rmsdev    av-sig

 The updated reflections are now on UNIT 52


 THIS IS THE DEFAULT SETTING FOR THE TITLE, PROVIDED WHEN NO USER TITLE IS GIVEN.     Date  05/11/18    Time  21:09:52


Fsq/sigma(Fsq)  No.  %  Total Remainder         Distribution of sigma levels.
   0.0 -  0.5    46  4    46  1087 ---------------------
   0.5 -  1.0    20  2    66  1067 ---------
   1.0 -  1.5    31  3    97  1036 --------------
   1.5 -  2.0    20  2   117  1016 ---------
   2.0 -  2.5    26  2   143   990 ------------
   2.5 -  3.0    25  2   168   965 ------------
   3.0 -  3.5    16  1   184   949 --------
   3.5 -  4.0    21  2   205   928 ----------
   4.0 -  4.5    13  1   218   915 ------
   4.5 -  5.0    19  2   237   896 ---------
   5.0 -  5.5    19  2   256   877 ---------
   5.5 -  6.0    26  2   282   851 ------------
   6.0 -  6.5    14  1   296   837 -------
   6.5 -  7.0    13  1   309   824 ------
   7.0 -  7.5    17  2   326   807 --------
   7.5 -  8.0    15  1   341   792 -------
   8.0 -  8.5     5  0   346   787 ---
   8.5 -  9.0    17  2   363   770 --------
   9.0 -  9.5    15  1   378   755 -------
   9.5 - 10.0    12  1   390   743 ------
  10.0 - 10.5    10  1   400   733 -----
  10.5 - 11.0    10  1   410   723 -----
  11.0 - 11.5    15  1   425   708 -------
  11.5 - 12.0     9  1   434   699 -----
  12.0 - 12.5     9  1   443   690 -----
  12.5 - 13.0     7  1   450   683 ----
  13.0 - 13.5     7  1   457   676 ----
  13.5 - 14.0     6  1   463   670 ---
  14.0 - 14.5    18  2   481   652 ---------
  14.5 - 15.0     9  1   490   643 -----
  15.0 - 15.5    13  1   503   630 ------
  15.5 - 16.0    12  1   515   618 ------
  16.0 - 16.5     8  1   523   610 ----
  16.5 - 17.0     8  1   531   602 ----
  17.0 - 17.5     4  0   535   598 --
  17.5 - 18.0     7  1   542   591 ----
  18.0 - 18.5    10  1   552   581 -----
  18.5 - 19.0     5  0   557   576 ---
  19.0 - 19.5     4  0   561   572 --
  19.5 - 20.0    10  1   571   562 -----
  20.0 - 20.5    10  1   581   552 -----
  20.5 - 21.0     7  1   588   545 ----
  21.0 - 21.5     9  1   597   536 -----
  21.5 - 22.0     5  0   602   531 ---
  22.0 - 22.5    13  1   615   518 ------
  22.5 - 23.0     9  1   624   509 -----
  23.0 - 23.5     5  0   629   504 ---
  23.5 - 24.0     5  0   634   499 ---
  24.0 - 24.5     5  0   639   494 ---
  24.5 - 25.0     4  0   643   490 --
  25.0 - 25.5    12  1   655   478 ------
  25.5 - 26.0     3  0   658   475 --
  26.0 - 26.5    10  1   668   465 -----
  26.5 - 27.0     5  0   673   460 ---
  27.0 - 27.5     7  1   680   453 ----
  27.5 - 28.0     4  0   684   449 --
  28.0 - 28.5     5  0   689   444 ---
  28.5 - 29.0     4  0   693   440 --
  29.0 - 29.5     7  1   700   433 ----
  29.5 - 30.0     5  0   705   428 ---
  30.0 - 30.5     5  0   710   423 ---
  30.5 - 31.0    11  1   721   412 -----
  31.0 - 31.5     1  0   722   411 -
  31.5 - 32.0     8  1   730   403 ----
  32.0 - 32.5     7  1   737   396 ----
  32.5 - 33.0    11  1   748   385 -----
  33.0 - 33.5    10  1   758   375 -----
  33.5 - 34.0    13  1   771   362 ------
  34.0 - 34.5     5  0   776   357 ---
  34.5 - 35.0     6  1   782   351 ---
  35.0 - 35.5     4  0   786   347 --
  35.5 - 36.0     3  0   789   344 --
  36.0 - 36.5     6  1   795   338 ---
  36.5 - 37.0     6  1   801   332 ---
  37.0 - 37.5     6  1   807   326 ---
  37.5 - 38.0     6  1   813   320 ---
  38.0 - 38.5     8  1   821   312 ----
  38.5 - 39.0     5  0   826   307 ---
  39.0 - 39.5    12  1   838   295 ------
  39.5 - 40.0     5  0   843   290 ---
  40.0 - 40.5     3  0   846   287 --
  40.5 - 41.0     5  0   851   282 ---
  41.0 - 41.5     4  0   855   278 --
  41.5 - 42.0     5  0   860   273 ---
  42.0 - 42.5     9  1   869   264 -----
  42.5 - 43.0     4  0   873   260 --
  43.0 - 43.5     2  0   875   258 -
  43.5 - 44.0     6  1   881   252 ---
  44.0 - 44.5     4  0   885   248 --
  44.5 - 45.0     8  1   893   240 ----
  45.0 - 45.5     8  1   901   232 ----
  45.5 - 46.0     6  1   907   226 ---
  46.0 - 46.5     6  1   913   220 ---
  46.5 - 47.0     7  1   920   213 ----
  47.0 - 47.5    10  1   930   203 -----
  47.5 - 48.0     9  1   939   194 -----
  48.0 - 48.5     6  1   945   188 ---
  48.5 - 49.0     6  1   951   182 ---
  49.0 - 49.5     4  0   955   178 --
  49.5 - 50.0   178 16  1133     0 ---------------------------------------------------------------------------------



  1849 Contributors input            0 Contributors rejected
  1133 Merged reflections output     0 Merged reflections rejected
     0 Contributors deviating from the average by more than   3.0e.s.ds
   965 Reflections greater than 3 sigma(i),  85.172 percent of data
 Rint = [Sum(/Fsq-<Fsq>/)/sum(Fsq)]                  =  0.018
 Rmerge   = SQRT[ sum[w(Fsq-<Fsq>)**2] / sum[w<Fsq>**2]] =  0.015
 Rint for I>10sigma,  10sigma>I>2sigma,    I<2sigma
               0.014           0.106          0.535
#LIST 6
 Disc file extended by    74 record(s) for new list    6



    1133 reflections accepted           0 reflections rejected
#PURGE LIST=6


 ************************************************************************
 A new direct access file has been created on unit  12 --  New data  file
 ************************************************************************


 The space required for the lists to be saved is    78 record(s)
 The new file has been extended by    78 record(s)
 The  New data  file is being rebuilt -
 DO NOT abort the program
 The new disc index has been re-written 
 Disc index completely restored

 Listing of file index of  New data  file 
 Copied:     84 dsc records.
#SCRIPT X30BITS
#GENERALEDIT 30
#GENERALEDIT 30
#SCRIPT XINBASIC
#SCRIPT XFRESH6
#GENERALEDIT 23
#SCRIPT XWTINI
#GENERALEDIT 23
#LIST 4
#SCRIPT XGETWZ
#GENERALEDIT 13
#GENERALEDIT 29
#SCRIPT XGUIDE
#SCRIPT XGUIDES
#SCRIPT XGETINFO
#SCRIPT XGUIDESC
 0185*  #SCRIPT XGUIDESC 
#SCRIPT XCHECK6
#SCRIPT XPUTINFO
#LIST 39
#GENERALEDIT 39
#THLIM
 The following reflections ( < 27.46 theta ) are missing:
   H    K    L   Theta 
    1    1    0   4.532
    0    4    0   7.401
    0    1    1   2.274
    1    1    1   4.724
    0    0    2   2.659
    1    1    3   6.044
    0    3    3   6.838
    0    0    4   5.323
    0    7   13  22.115
    0    8   14  24.487
    1    8   16  27.224
    0    0   18  24.675

 Completeness of hkl data.
 Reflections expected:      1144 Reflections found:      1132

 Theta  Completeness% Expected  Found 
  0.27      76.67         30       23
  0.55      80.95         42       34
  0.82      85.96         57       49
  1.10      88.73         71       63
  1.37      90.48         84       76
  1.65      91.92         99       91
  1.92      92.52        107       99
  2.20      93.28        119      111
  2.47      93.80        129      121
  2.75      94.37        142      134
  3.02      94.97        159      151
  3.30      95.18        166      158
  3.57      95.63        183      175
  3.84      95.88        194      186
  4.12      96.08        204      196
  4.39      96.31        217      209
  4.67      96.49        228      220
  4.94      96.64        238      230
  5.22      96.81        251      243
  5.49      96.98        265      257
  5.77      97.10        276      268
  6.04      97.16        282      274
  6.32      97.26        292      284
  6.59      97.36        303      295
  6.86      97.50        320      312
  7.14      97.57        329      321
  7.41      97.67        343      335
  7.69      97.78        361      353
  7.96      97.83        369      361
  8.24      97.87        376      368
  8.51      97.95        390      382
  8.79      98.01        403      395
  9.06      98.07        415      407
  9.34      98.12        425      417
  9.61      98.17        437      429
  9.89      98.21        447      439
 10.16      98.26        460      452
 10.43      98.31        473      465
 10.71      98.35        485      477
 10.98      98.38        494      486
 11.26      98.41        503      495
 11.53      98.43        510      502
 11.81      98.46        521      513
 12.08      98.49        529      521
 12.36      98.52        542      534
 12.63      98.56        556      548
 12.91      98.58        562      554
 13.18      98.62        578      570
 13.46      98.64        588      580
 13.73      98.67        603      595
 14.00      98.69        611      603
 14.28      98.72        627      619
 14.55      98.74        637      629
 14.83      98.60        645      636
 15.10      98.64        662      653
 15.38      98.65        665      656
 15.65      98.68        680      671
 15.93      98.70        694      685
 16.20      98.73        706      697
 16.48      98.75        720      711
 16.75      98.77        731      722
 17.02      98.78        738      729
 17.30      98.80        750      741
 17.57      98.82        762      753
 17.85      98.83        772      763
 18.12      98.85        784      775
 18.40      98.87        793      784
 18.67      98.88        805      796
 18.95      98.89        810      801
 19.22      98.91        826      817
 19.50      98.92        835      826
 19.77      98.81        843      833
 20.05      98.82        849      839
 20.32      98.73        867      856
 20.59      98.75        877      866
 20.87      98.77        891      880
 21.14      98.77        897      886
 21.42      98.79        912      901
 21.69      98.80        917      906
 21.97      98.82        930      919
 22.24      98.83        938      927
 22.52      98.84        947      936
 22.79      98.86        961      950
 23.07      98.87        974      963
 23.34      98.88        981      970
 23.61      98.89        994      983
 23.89      98.91       1006      995
 24.16      98.92       1022     1011
 24.44      98.93       1030     1019
 24.71      98.94       1041     1030
 24.99      98.96       1054     1043
 25.26      98.97       1064     1053
 25.54      98.98       1074     1063
 25.81      98.99       1093     1082
 26.09      99.00       1100     1089
 26.36      99.01       1108     1097
 26.64      98.93       1122     1110
 26.91      98.94       1134     1122
 27.18      98.95       1144     1132
 27.46      98.95       1144     1132

 26.36       0.99< best theta_full
#WILSON
                                        NUMBER OF ATOMS IN ASYMMETRIC UNIT = 11.00
 NUMBER OF REFLEXIONS =  1133        MAXIMUM (SIN(THETA)/LAMBDA)**2 = 0.4209        NUMBER OF POINTS ON WILSON PLOT = 14


                     LEAST SQUARES PLOT

 RANGE      RHO=(SINTH/LAM)**2      NUMBER      MEAN RHO       MEAN I       MEAN EXP(-2*B*RHO)*E**2   DEBYE       WILSON
   1         0.0000  -  0.0601        179        0.0386        1156.7                 1.3296         0.2849       0.2849
   2         0.0301  -  0.0902        288        0.0630         855.1                 1.4317         0.3588       0.3588
   3         0.0601  -  0.1203        387        0.0927         534.8                 1.2057         0.1871       0.1871
   4         0.0902  -  0.1503        448        0.1216         312.8                 0.9834        -0.0167      -0.0167
   5         0.1203  -  0.1804        475        0.1526         240.4                 0.9461        -0.0554      -0.0554
   6         0.1503  -  0.2105        528        0.1822         229.9                 1.0919         0.0880       0.0880
   7         0.1804  -  0.2405        562        0.2101         194.0                 1.0224         0.0222       0.0222
   8         0.2105  -  0.2706        614        0.2420         114.5                 0.6845        -0.3791      -0.3791
   9         0.2405  -  0.3007        672        0.2717          80.6                 0.5306        -0.6337      -0.6337
  10         0.2706  -  0.3307        684        0.3010          54.9                 0.3893        -0.9433      -0.9433
  11         0.3007  -  0.3608        698        0.3308          42.4                 0.3245        -1.1255      -1.1255
  12         0.3307  -  0.3909        747        0.3621          32.8                 0.2644        -1.3302      -1.3302
  13         0.3608  -  0.4209        810        0.3919          23.0                 0.1970        -1.6245      -1.6245
  14         0.3909  -  0.4209        417        0.4062          22.7                 0.1982        -1.6186      -1.6186
 NORMAL EQUATIONS
   0.580E+03 * SLOPE +  0.193E+04 * INTERCEPT = -0.175E+04
   0.193E+04 * SLOPE +  0.751E+04 * INTERCEPT = -0.482E+04
 SLOPE = -6.0731    INTERCEPT =  0.9167
 TEMPERATURE FACTOR (B) =  3.0365    SCALE =      0.3999    F(ABSOLUTE)**2 = SCALE*F(OBSERVED)**2
                          PLOT OF WILSON AND DEBYE CURVES AND LEAST SQUARES STRAIGHT LINE
 
                                         LN(F(obs)**2/SIGfSQ)
             -1.625              -1.116              -0.608              -0.100               0.408               0.917
        0.000  -I-------------------I-------------------I-------------------I-------------------I-------------------I-
                I                                                                                                 *   
                I                                                                                               *     
                I                                                                                             *       
                I                                                                                           *         
                I                                                                           W             *           
                I                                                                             W         *             
                I                                                                             W       *               
                I                                                                             W     *                 
                I                                                                            W     *                  
       0.081   -I-                                                                         W     *                    
                I                                                                       W      *                      
                I                                                                     W      *                        
                I                                                                  W       *                          
                I                                                                W       *                            
                I                                                              W       *                              
                I                                                             W      *                                
                I                                                             W    *                                  
                I                                                            W   *                                    
                I                                                             W*                                      
       0.162   -I-                                                           *  W                                     
                I                                                          *     W                                    
                I                                                        *         W                                  
                I                                                      *            W                                 
                I                                                    *             W                                  
                I                                                  *              W                                     RHO
                I                                                 *             W                                     
                I                                               *            W                                        
                I                                             *          W                                            
                I                                           *       W                                                 
       0.244   -I-                                        *     W                                                     
                I                                       *     W                                                       
                I                                     *    W                                                          
                I                                   *   W                                                             
                I                                 *  W                                                                
                I                               * W                                                                   
                I                             W                                                                       
                I                          W*                                                                         
                I                        W*                                                                           
                I                      W*                                                                             
       0.325   -I-                   W*                                                                               
                I                  W*                                                                                 
                I                W*                                                                                   
                I              W *                                                                                    
                I            W *                                                                                      
                I         W  *                                                                                        
                I     W    *                                                                                          
                I  W     *                                                                                            
                I      *                                                                                              
                I    *                                                                                                
       0.406   -I- *                                                                                                  
                            AVERAGE E**2 ACCORDING TO APPROPRIATE INDEX GROUP BEFORE RESCALING
                                                      PARITY GROUPS
                   ALL         EEE         OEE         EOE         OOE         EEO         OEO         EOO         OOO
    E**2          0.950       0.945       1.184       0.882       0.889       0.830       0.919       1.014       0.939
   NUMBER          3783         479         472         470         476         458         486         470         472



                                                     FINAL STATISTICS

                                       DISTRIBUTION OF E**2 WITH SIN(THETA)/LAMBDA
 SINTH/LAM    0.0649    0.1298    0.1946    0.2595    0.3244    0.3893    0.4542    0.5190    0.5839    0.6488
    E**2      0.0000    0.5800    0.5305    0.8682    0.8501    0.9966    1.0404    1.0390    1.0352    1.0160
   NUMBER         0        17        58       148       230       348       479       635       810      1058


                                                      AVERAGE VALUES
                                              EXPERIMENTAL                                       THEORETICAL
                        ALL DATA       HKL                                            ACENTRIC     CENTRIC  HYPERCENTRIC
+    AVERAGE
+                                                  0KL
+                                                              H0L
+                                                                          HK0
      MOD(E)              0.872       0.886       0.820       0.790       0.821         0.886       0.798       0.718
       E**2               1.000       0.998       1.030       0.942       1.033         1.000       1.000       1.000
       E**3               1.373       1.326       1.649       1.360       1.635         1.329       1.596       1.916
       E**4               2.155       1.993       3.073       2.181       3.041         2.000       3.000       4.500
       E**5               3.766       3.315       6.336       3.733       6.363         3.323       6.383      12.260
       E**6               7.196       6.008      14.044       6.680      14.483         6.000      15.000      37.500
   MOD(E**2-1)            0.776       0.732       0.994       0.913       0.927         0.736       0.968       1.145
   (E**2-1)**2            1.155       0.997       2.014       1.297       1.975         1.000       2.000       3.500
   (E**2-1)**3            2.729       2.022       6.913       1.963       7.459         2.000       8.000      26.000
 (MOD(E**2-1))**3         3.193       2.438       7.570       2.665       8.112         2.415       8.691      26.903
 WEIGHTED SAMPLE SIZE      3783        3064         408         174         122


                                         N(Z) CUMULATIVE PROBABILITY DISTRIBUTION
                                              EXPERIMENTAL                                       THEORETICAL
                        ALL DATA       HKL                                            ACENTRIC     CENTRIC  HYPERCENTRIC
+     Z
+                                                  0KL
+                                                              H0L
+                                                                          HK0
     0.1                  0.121       0.098       0.196       0.264       0.230         0.095       0.248       0.368
     0.2                  0.214       0.184       0.333       0.379       0.295         0.181       0.345       0.463
     0.3                  0.283       0.255       0.402       0.425       0.393         0.259       0.416       0.526
     0.4                  0.363       0.338       0.485       0.448       0.459         0.330       0.473       0.574
     0.5                  0.428       0.406       0.544       0.506       0.459         0.393       0.520       0.612
     0.6                  0.465       0.441       0.588       0.563       0.492         0.451       0.561       0.643
     0.7                  0.505       0.486       0.608       0.598       0.508         0.503       0.597       0.670
     0.8                  0.564       0.551       0.632       0.621       0.574         0.551       0.629       0.694
     0.9                  0.603       0.591       0.652       0.655       0.639         0.593       0.657       0.715
     1.0                  0.645       0.636       0.686       0.678       0.689         0.632       0.683       0.733
     1.2                  0.707       0.705       0.721       0.690       0.738         0.699       0.727       0.765
     1.4                  0.746       0.745       0.755       0.724       0.770         0.753       0.763       0.791
     1.6                  0.791       0.791       0.789       0.782       0.803         0.798       0.794       0.813
     1.8                  0.832       0.836       0.809       0.839       0.820         0.835       0.820       0.832
     2.0                  0.869       0.875       0.838       0.862       0.836         0.865       0.843       0.848
     2.2                  0.884       0.892       0.848       0.862       0.869         0.889       0.862       0.863
     2.4                  0.899       0.906       0.868       0.862       0.885         0.909       0.879       0.875
     2.6                  0.916       0.926       0.873       0.874       0.885         0.926       0.893       0.886
     2.8                  0.927       0.936       0.882       0.908       0.885         0.939       0.906       0.896
     3.0                  0.943       0.950       0.907       0.920       0.918         0.950       0.917       0.905
     3.2                  0.953       0.961       0.917       0.931       0.918         0.959       0.926       0.913
     3.4                  0.960       0.965       0.931       0.943       0.951         0.967       0.935       0.920
     3.6                  0.965       0.970       0.936       0.943       0.967         0.973       0.942       0.926
     3.8                  0.972       0.977       0.946       0.966       0.967         0.978       0.949       0.932
     4.0                  0.976       0.980       0.951       0.966       0.967         0.982       0.954       0.938
 WEIGHTED SAMPLE SIZE      3783        3064         408         174         122

                                       DISTRIBUTION OF E - NUMBER OF E'S .GT. LIMIT
   E     0.7   0.8   0.9   1.0   1.1   1.2   1.3   1.4   1.5   1.6   1.7   1.8   1.9   2.0   2.1   2.2   2.3   2.4   2.5
  NO.    637   569   478   394   330   274   215   159   135   105    80    57    44    31    22    11     9     8     5
#OPEN SCPDATA ABSENCES2.DAT
#SCRIPT YGETABS
#CLOSE SCPDATA
#SIGMADIST
I/sig(i) vs resolution
 0.01      18      18    44.715
 0.02      45      63    51.255
 0.03      41     104   114.395
 0.04      37     141    44.130
 0.05      45     186    44.886
 0.05      38     224    47.966
 0.06      39     263    45.019
 0.07      32     295    37.875
 0.08      46     341    40.871
 0.09      38     379    40.800
 0.10      38     417    36.515
 0.11      41     458    32.089
 0.12      34     492    29.255
 0.13      29     521    28.436
 0.14      40     561    21.830
 0.15      41     602    23.810
 0.15      34     636    18.187
 0.16      39     675    15.399
 0.17      41     716    14.714
 0.18      37     753    11.976
 0.19      37     790     9.047
 0.20      35     825    11.443
 0.21      31     856     9.330
 0.22      34     890     6.698
 0.23      35     925     8.277
 0.24      38     963     6.151
 0.25      34     997     4.206
 0.25      43    1040     6.384
 0.26      42    1082     4.981
 0.27      51    1133     3.866
I/sig(i) distribution
 -5.0       0    1133
 -4.5       0    1133
 -4.0       0    1133
 -3.5       0    1133
 -3.0       0    1133
 -2.5       2    1133
 -2.0       5    1131
 -1.5       7    1126
 -1.0       5    1119
 -0.5      14    1114
  0.0      26    1100
  0.5      26    1074
  1.0      18    1048
  1.5      29    1030
  2.0      25    1001
  2.5      19     976
  3.0      17     957
  3.5      19     940
  4.0      12     921
  4.5      22     909
  5.0      24     887
  5.5      17     863
  6.0      17     846
  6.5      16     829
  7.0      16     813
  7.5       8     797
  8.0      12     789
  8.5      16     777
  9.0      13     761
  9.5       8     748
 10.0      10     740
 10.5      19     730
 11.0       6     711
 11.5      11     705
 12.0       8     694
 12.5       6     686
 13.0       8     680
 13.5      10     672
 14.0      14     662
 14.5      11     648
 15.0      13     637
 15.5       9     624
 16.0      10     615
 16.5       4     605
 17.0       6     601
 17.5       8     595
 18.0      10     587
 18.5       3     577
 19.0       5     574
 19.5      12     569
 20.0      11     557
 20.5       8     546
 21.0       6     538
 21.5       7     532
 22.0      13     525
 22.5       6     512
 23.0       6     506
 23.5       3     500
 24.0       5     497
 24.5       9     492
 25.0       8     483
 25.5       6     475
 26.0       7     469
 26.5       4     462
 27.0       7     458
 27.5       4     451
 28.0       5     447
 28.5       6     442
 29.0       6     436
 29.5       5     430
 30.0       9     425
 30.5       4     416
 31.0       5     412
 31.5       9     407
 32.0       5     398
 32.5      11     393
 33.0      13     382
 33.5      11     369
 34.0       3     358
 34.5       6     355
 35.0       3     349
 35.5       8     346
 36.0       4     338
 36.5       5     334
 37.0       6     329
 37.5       5     323
 38.0      10     318
 38.5       9     308
 39.0       6     299
 39.5       4     293
 40.0       5     289
 40.5       5     284
 41.0       2     279
 41.5      10     277
 42.0       7     267
 42.5       2     260
 43.0       4     258
 43.5       4     254
 44.0       6     250
 44.5       8     244
 45.0       7     236
 45.5       6     229
 46.0       8     223
 46.5       8     215
 47.0      10     207
 47.5       6     197
 48.0       7     191
 48.5       4     184
 49.0       5     180
 49.5       4     175
#GENERALEDIT 30
#OPEN SCPDATA HISTOGRAM.DAT
#CLOSE SCPDATA
#OPEN SCPDATA HISTOGRAM.DAT
#CLOSE SCPDATA
#OPEN SCPDATA HISTOGRAM.DAT
#CLOSE SCPDATA
#OPEN SCPDATA MERGINGR.DAT
#CLOSE SCPDATA
#SCRIPT CHECKDENS
#GENERALEDIT 29
#GENERALEDIT 1
#GENERALEDIT 2
#GENERALEDIT 30
#SCRIPT XGUIDE
#SCRIPT XGUIDES
#SCRIPT XGETINFO
#GENERALEDIT 39
#SCRIPT XGUIDESC
 0298*  #SCRIPT XGUIDESC 
#SCRIPT XFLIP
#CLOSE SCPDATA
#PURGE PRE-SUPERFLIP
Opening new dsc file: PRE-SUPERFLIP.dsc
 A new D/A file ( PRE-SUPERFLIP.dsc )will be created


 ************************************************************************
 A new direct access file has been created on unit  12 --  New data  file
 ************************************************************************


 The space required for the lists to be saved is    77 record(s)
 The new file has been extended by    77 record(s)
 The  New data  file is being rebuilt -
 DO NOT abort the program
 The new disc index has been re-written 
 Disc index completely restored

 Listing of file index of  New data  file 
#SCRIPT COPY67
#RELEASE PUNCH LIST7.TMP
#COPY 6 7
#RELEASE PUNCH BFILE.PCH
#USE LIST7.TMP
# PUNCHING LIST  6 AS LIST  7 WITH ALL KEYS SET
# NBGNXT=    56
#LIST   7
 The updated reflections are now on UNIT 53



    1133 reflections accepted           0 reflections rejected
#   1133 REFLECTIONS OUTPUT
#SYST IN=7 FRIED=YES
 The updated reflections are now on UNIT 52



   1133 reflections accepted               0 reflections rejected
#SORT IN=7
 After   1 pass    1133 reflection(s) have been sorted
 The updated reflections are now on UNIT 53
#MERGE 7


 THIS IS THE DEFAULT SETTING FOR THE TITLE, PROVIDED WHEN NO USER TITLE IS GIVEN.     Date  05/11/18    Time  21:10:24


                                                    F-squared     Delta     sigma   E-param    Weight   JCODE    Serial
    H   K   L  F-squared    rmsdev    <sigma>           Nref $   rmsdev    av-sig

 The updated reflections are now on UNIT 52


 THIS IS THE DEFAULT SETTING FOR THE TITLE, PROVIDED WHEN NO USER TITLE IS GIVEN.     Date  05/11/18    Time  21:10:24


Fsq/sigma(Fsq)  No.  %  Total Remainder         Distribution of sigma levels.
   0.0 -  0.5    46  4    46  1087 ---------------------
   0.5 -  1.0    20  2    66  1067 ---------
   1.0 -  1.5    31  3    97  1036 --------------
   1.5 -  2.0    19  2   116  1017 ---------
   2.0 -  2.5    27  2   143   990 ------------
   2.5 -  3.0    24  2   167   966 -----------
   3.0 -  3.5    16  1   183   950 -------
   3.5 -  4.0    23  2   206   927 -----------
   4.0 -  4.5    13  1   219   914 ------
   4.5 -  5.0    17  2   236   897 --------
   5.0 -  5.5    21  2   257   876 ----------
   5.5 -  6.0    23  2   280   853 -----------
   6.0 -  6.5    17  2   297   836 --------
   6.5 -  7.0    13  1   310   823 ------
   7.0 -  7.5    15  1   325   808 -------
   7.5 -  8.0    16  1   341   792 -------
   8.0 -  8.5     6  1   347   786 ---
   8.5 -  9.0    17  2   364   769 --------
   9.0 -  9.5    16  1   380   753 -------
   9.5 - 10.0     8  1   388   745 ----
  10.0 - 10.5    11  1   399   734 -----
  10.5 - 11.0    11  1   410   723 -----
  11.0 - 11.5    14  1   424   709 -------
  11.5 - 12.0    10  1   434   699 -----
  12.0 - 12.5     8  1   442   691 ----
  12.5 - 13.0     9  1   451   682 ----
  13.0 - 13.5     6  1   457   676 ---
  13.5 - 14.0     9  1   466   667 ----
  14.0 - 14.5    15  1   481   652 -------
  14.5 - 15.0     8  1   489   644 ----
  15.0 - 15.5    12  1   501   632 ------
  15.5 - 16.0    15  1   516   617 -------
  16.0 - 16.5     9  1   525   608 ----
  16.5 - 17.0     5  0   530   603 ---
  17.0 - 17.5     5  0   535   598 ---
  17.5 - 18.0     8  1   543   590 ----
  18.0 - 18.5     7  1   550   583 ----
  18.5 - 19.0     9  1   559   574 ----
  19.0 - 19.5     5  0   564   569 ---
  19.5 - 20.0     7  1   571   562 ----
  20.0 - 20.5    10  1   581   552 -----
  20.5 - 21.0     6  1   587   546 ---
  21.0 - 21.5     9  1   596   537 ----
  21.5 - 22.0     8  1   604   529 ----
  22.0 - 22.5     9  1   613   520 ----
  22.5 - 23.0    13  1   626   507 ------
  23.0 - 23.5     3  0   629   504 --
  23.5 - 24.0     6  1   635   498 ---
  24.0 - 24.5     4  0   639   494 --
  24.5 - 25.0     7  1   646   487 ----
  25.0 - 25.5     7  1   653   480 ----
  25.5 - 26.0     4  0   657   476 --
  26.0 - 26.5     9  1   666   467 ----
  26.5 - 27.0     7  1   673   460 ----
  27.0 - 27.5     5  0   678   455 ---
  27.5 - 28.0     4  0   682   451 --
  28.0 - 28.5     5  0   687   446 ---
  28.5 - 29.0     6  1   693   440 ---
  29.0 - 29.5     9  1   702   431 ----
  29.5 - 30.0     4  0   706   427 --
  30.0 - 30.5     6  1   712   421 ---
  30.5 - 31.0     4  0   716   417 --
  31.0 - 31.5     6  1   722   411 ---
  31.5 - 32.0     7  1   729   404 ----
  32.0 - 32.5     4  0   733   400 --
  32.5 - 33.0    11  1   744   389 -----
  33.0 - 33.5    14  1   758   375 -------
  33.5 - 34.0    12  1   770   363 ------
  34.0 - 34.5     6  1   776   357 ---
  34.5 - 35.0     5  0   781   352 ---
  35.0 - 35.5     3  0   784   349 --
  35.5 - 36.0     6  1   790   343 ---
  36.0 - 36.5     6  1   796   337 ---
  36.5 - 37.0     4  0   800   333 --
  37.0 - 37.5     8  1   808   325 ----
  37.5 - 38.0     5  0   813   320 ---
  38.0 - 38.5     5  0   818   315 ---
  38.5 - 39.0    11  1   829   304 -----
  39.0 - 39.5     5  0   834   299 ---
  39.5 - 40.0     8  1   842   291 ----
  40.0 - 40.5     5  0   847   286 ---
  40.5 - 41.0     6  1   853   280 ---
  41.0 - 41.5     4  0   857   276 --
  41.5 - 42.0     6  1   863   270 ---
  42.0 - 42.5     5  0   868   265 ---
  42.5 - 43.0     5  0   873   260 ---
  43.0 - 43.5     7  1   880   253 ----
  43.5 - 44.0     4  0   884   249 --
  44.0 - 44.5     6  1   890   243 ---
  44.5 - 45.0     4  0   894   239 --
  45.0 - 45.5     8  1   902   231 ----
  45.5 - 46.0     6  1   908   225 ---
  46.0 - 46.5     6  1   914   219 ---
  46.5 - 47.0     8  1   922   211 ----
  47.0 - 47.5     4  0   926   207 --
  47.5 - 48.0     8  1   934   199 ----
  48.0 - 48.5     5  0   939   194 ---
  48.5 - 49.0     8  1   947   186 ----
  49.0 - 49.5     3  0   950   183 --
  49.5 - 50.0   183 16  1133     0 ---------------------------------------------------------------------------------



  1133 Contributors input            0 Contributors rejected
  1133 Merged reflections output     0 Merged reflections rejected
     0 Contributors deviating from the average by more than   3.0e.s.ds
   966 Reflections greater than 3 sigma(i),  85.260 percent of data
 Rint = [Sum(/Fsq-<Fsq>/)/sum(Fsq)]                  =  0.000
 Rmerge   = SQRT[ sum[w(Fsq-<Fsq>)**2] / sum[w<Fsq>**2]] =  0.000
 Rint for I>10sigma,  10sigma>I>2sigma,    I<2sigma
               0.000           0.000          0.000
#PURGE  LIST=7


 ************************************************************************
 A new direct access file has been created on unit  12 --  New data  file
 ************************************************************************


 The space required for the lists to be saved is    96 record(s)
 The new file has been extended by    96 record(s)
 The  New data  file is being rebuilt -
 DO NOT abort the program
 The new disc index has been re-written 
 Disc index completely restored

 Listing of file index of  New data  file 
 Copied:    102 dsc records.
#FOREIGN SUPERFLIP DIFFICULT IN= 7
  Space Group P 21 21 21
  The Space Group is ACentric  Primitive Orthorhombic  Laue Symmetry mmm     
  Multiplicity of a General Site is   4  Laue-no is   3
  The Equivalent Positions are:

       x      y      z    1/2+x  1/2-y     -z 
      -x  1/2+y  1/2-z    1/2-x     -y  1/2+z 
 
Laue number    3
#SCRIPT XFLIPRUN
#SPAWN % "CRYSDIR:SUPERFLIP.EXE" SFLIP.INFLIP
#OPEN SCPD "SFLIP.SFLOG"
#CLOSE SCPDATA
#OPEN SCPD "SFLIP.SFLOG"
#CLOSE SCPDATA
#OPEN SCPD "SFLIP.INFLIP"
#CLOSE SCPDATA
#SCRIPT XFLIPINSPG
#OPEN SCPD "SFLIP_SYM.INS"
#SCRIPT XMESSAGE
#LIST 2
#CLOSE SCPDATA
#FLIMIT
Space group symbol is   P    21   21   21  
  Space Group P 21 21 21
  The Space Group is ACentric  Primitive Orthorhombic  Laue Symmetry mmm     
  Multiplicity of a General Site is   4  Laue-no is   3
  The Equivalent Positions are:

       x      y      z    1/2+x  1/2-y     -z 
      -x  1/2+y  1/2-z    1/2-x     -y  1/2+z 
 
Laue number    3

    Fourier limits are :-
                              X axis from  0.000 to  1.000
                              Y axis from  0.000 to  1.000
                              Z axis from  0.000 to  0.250

   Patterson limits are :-
                              X axis from  0.000 to  0.500
                              Y axis from  0.000 to  0.500
                              Z axis from  0.000 to  0.500
#CLOSE SCPD
#FOREIGN SUPERFLIP IN= 7
  Space Group P 21 21 21
  The Space Group is ACentric  Primitive Orthorhombic  Laue Symmetry mmm     
  Multiplicity of a General Site is   4  Laue-no is   3
  The Equivalent Positions are:

       x      y      z    1/2+x  1/2-y     -z 
      -x  1/2+y  1/2-z    1/2-x     -y  1/2+z 
 
Laue number    3
#SPAWN % "CRYSDIR:EDMA.EXE" SFLIP.INFLIP
#PURGE LIST=7


 ************************************************************************
 A new direct access file has been created on unit  12 --  New data  file
 ************************************************************************


 The space required for the lists to be saved is    96 record(s)
 The new file has been extended by    96 record(s)
 The  New data  file is being rebuilt -
 DO NOT abort the program
 The new disc index has been re-written 
 Disc index completely restored

 Listing of file index of  New data  file 
 Copied:    102 dsc records.
#SCRIPT XFLIPIN
#SCRIPT XFRESH
#CLEAR 16
#LIST  16
#DISK
 No list of type       40 stored

 CRYSTALS -- ERROR

Script XFRESH       abandoned at line     20
 Disc control error(s). Processing abandoned
#SCRIPT XFLIPIN2
#GENERALEDIT 30
#SCRIPT XFLIPINSTRUC
#OPEN SCPD "SFLIP.INS"
#SCRIPT ZSHELXIN
#SCRIPT SXATOMRD
#SCRIPT SXEOLCHK
#SCRIPT SXEOLCHK
#SCRIPT SXEOLCHK
#SCRIPT SXEOLCHK
#SCRIPT SXEOLCHK
#SCRIPT SXEOLCHK
#LIST 5
Bonds: Update required - There is no list 41
#EDIT
#SCRIPT SXATOMRD
#SCRIPT SXEOLCHK
#SCRIPT SXEOLCHK
#SCRIPT SXEOLCHK
#SCRIPT SXEOLCHK
#SCRIPT SXEOLCHK
#SCRIPT SXEOLCHK
#SCRIPT SXATOMRD
#SCRIPT SXEOLCHK
#SCRIPT SXEOLCHK
#SCRIPT SXEOLCHK
#SCRIPT SXEOLCHK
#SCRIPT SXEOLCHK
#SCRIPT SXEOLCHK
#SCRIPT SXATOMRD
#SCRIPT SXEOLCHK
#SCRIPT SXEOLCHK
#SCRIPT SXEOLCHK
#SCRIPT SXEOLCHK
#SCRIPT SXEOLCHK
#SCRIPT SXEOLCHK
#SCRIPT SXATOMRD
#SCRIPT SXEOLCHK
#SCRIPT SXEOLCHK
#SCRIPT SXEOLCHK
#SCRIPT SXEOLCHK
#SCRIPT SXEOLCHK
#SCRIPT SXEOLCHK
#SCRIPT SXATOMRD
#SCRIPT SXEOLCHK
#SCRIPT SXEOLCHK
#SCRIPT SXEOLCHK
#SCRIPT SXEOLCHK
#SCRIPT SXEOLCHK
#SCRIPT SXEOLCHK
#SCRIPT SXATOMRD
#SCRIPT SXEOLCHK
#SCRIPT SXEOLCHK
#SCRIPT SXEOLCHK
#SCRIPT SXEOLCHK
#SCRIPT SXEOLCHK
#SCRIPT SXEOLCHK
#SCRIPT SXATOMRD
#SCRIPT SXEOLCHK
#SCRIPT SXEOLCHK
#SCRIPT SXEOLCHK
#SCRIPT SXEOLCHK
#SCRIPT SXEOLCHK
#SCRIPT SXEOLCHK
#SCRIPT SXATOMRD
#SCRIPT SXEOLCHK
#SCRIPT SXEOLCHK
#SCRIPT SXEOLCHK
#SCRIPT SXEOLCHK
#SCRIPT SXEOLCHK
#SCRIPT SXEOLCHK
#SCRIPT SXATOMRD
#SCRIPT SXEOLCHK
#SCRIPT SXEOLCHK
#SCRIPT SXEOLCHK
#SCRIPT SXEOLCHK
#SCRIPT SXEOLCHK
#SCRIPT SXEOLCHK
#SCRIPT SXATOMRD
#SCRIPT SXEOLCHK
#SCRIPT SXEOLCHK
#SCRIPT SXEOLCHK
#SCRIPT SXEOLCHK
#SCRIPT SXEOLCHK
#SCRIPT SXEOLCHK
 List   5 now contains     11 atom(s)
Bonds: Update required - List5 length change
#CLOSE SCPDATA
#PEAK 5 5
 List now contains    11 atoms
#GENERALEDIT 30
#GENERALEDIT 5
#COLLECT
 Start of a new residue 
 Start of a new residue 
#EDIT
 List   5 now contains     11 atom(s)
#SCRIPT XCENTRE
#EDIT
 List   5 now contains     13 atom(s)
Bonds: Update required - List5 length change
#COLL
#EDIT
 List   5 now contains     12 atom(s)
Bonds: Update required - List5 length change
#COLL
#COLL
 Start of a new residue 
#GENERALEDIT 5
#SCRIPT XDELQ
#EDIT
 List   5 now contains     11 atom(s)
Bonds: Update required - List5 length change
#PURGE LIST=41


 ************************************************************************
 A new direct access file has been created on unit  12 --  New data  file
 ************************************************************************


 The space required for the lists to be saved is   103 record(s)
 The new file has been extended by   103 record(s)
 The  New data  file is being rebuilt -
 DO NOT abort the program
 The new disc index has been re-written 
 Disc index completely restored

 Listing of file index of  New data  file 
 Copied:    109 dsc records.
#SCRIPT XRETYPE
#GENERALEDIT 5
#GENERALEDIT 29
#EDIT
E Error: DRENAME N(4) O(4)
E --------------------^^^
E Error: atom O(4) is not present in the model
 The last card contains unaccessed parameter(s) beyond column    8
E Error: DRENAME N(4) O(4)
E --------------------^^^
E Error: atom O(4) is not present in the model
 The last card contains unaccessed parameter(s) beyond column    8
E Error: DRENAME N(4) O(4)
E --------------------^^^
E Error: atom O(4) is not present in the model
 The last card contains unaccessed parameter(s) beyond column    8
E Error: DRENAME N(2) O(2)
E --------------------^^^
E Error: atom O(2) is not present in the model
 The last card contains unaccessed parameter(s) beyond column    8
E Error: DRENAME N(3) O(3)
E --------------------^^^
E Error: atom O(3) is not present in the model
 The last card contains unaccessed parameter(s) beyond column    8
 List   5 has not been changed 
#SCRIPT XAUTONUM
#EDIT
 List   5 now contains     11 atom(s)
#REGROUP
 List now contains    11 atoms
#SCRIPT HNAM
#HNAM
     0 Hydrogen atoms relabelled 
#EDIT
 The list currently contains    11 atoms
    N   1      C   2      C   3      N   4      C   5      N   6      C   7
    N   8      C   9      C  10      C  11
 The list currently contains    11 atoms
    N   1      C   2      C   3      N   4      C   5      N   6      C   7
    N   8      C   9      C  10      C  11
 List   5 now contains     11 atom(s)
#SCRIPT XGUIDE
#SCRIPT XGUIDER
#SCRIPT XGETWZ
#GENERALEDIT 13
#GENERALEDIT 29
#SCRIPT CHECK29
#GENERALEDIT 29
#SCRIPT XGETINFO
#GENERALEDIT 39
#SCRIPT ASSESS5
#GENERALEDIT 5
#SCRIPT RFACTOR
#GENERALEDIT 5
#GENERALEDIT 6
#SFLS
#CLEAR 17
#LIST  17
#LIST 26
#WEIGHT
#SFLS
#SPEC  NO  NO
#SCALE      1
 Initialising Special positions


 THIS IS THE DEFAULT SETTING FOR THE TITLE, PROVIDED WHEN NO USER TITLE IS GIVEN.     Date  05/11/18    Time  21:11:04


 Structure factor least squares      calculation number     1
           Bad agreements 

    h    k    l      Fo        Fc 

    4.   0.   0.     8.25     0.14
    6.   0.   0.     2.93     0.57
    2.   1.   0.     1.52     0.74
    3.   1.   0.    -0.95     0.39
    4.   1.   0.     1.22     4.03
    5.   1.   0.     9.75     5.47
    6.   1.   0.     2.83     2.60
    0.   2.   0.     8.69    26.07
    1.   2.   0.     6.84     3.90
    2.   2.   0.    40.96    26.45
    3.   2.   0.     7.97     2.53
    4.   2.   0.    13.75     8.99
    5.   2.   0.     5.83     5.04
    6.   2.   0.    -2.55     0.50
    1.   3.   0.    53.82    30.44
    2.   3.   0.     5.67     0.04
    3.   3.   0.     9.88     5.97
    4.   3.   0.    20.37    16.45
    5.   3.   0.     6.72     6.05
    6.   3.   0.     2.17     2.92
    1.   4.   0.    29.99    15.27
    2.   4.   0.     2.41     1.79
    3.   4.   0.    22.85    20.89
    4.   4.   0.    13.98     4.46

 And so on ------------


                              ***
                             ***
 R-value    Weighted R      ************              ************
                           *************  HERE IT IS  ************
  33.47       75.72         ************              ************
                             ***
                              ***

 Sum of /FO/    Sum of /FC/    Sum of /Delta/    Minimization function

     12019.          8467.           4046.                                   On scale of /FC/

     12019.          8467.           4046.               0.3677E+05          On scale of /FO/

 New scale factor (G) is      0.990,    1133 reflections used in refinement

 Structure factor least squares calculation    1  ends  1
SumFo/SumFc=  1.420   SumFoFc/SumFc^2=  1.470   SumwFoFc/SumwFc^2=  1.269
LS-scale=  0.990   Wilson Scale=  1.581
<Fo>-<Fc> =    3.248    100*(<Fo>-<Fc>)/<Fo> =    30.29
#CYCLENDS
#GENERALEDIT 23
#SCRIPT XSCALE
#SFLS
#SPEC  NO  NO
#CALCULAT   1
 Initialising Special positions


 THIS IS THE DEFAULT SETTING FOR THE TITLE, PROVIDED WHEN NO USER TITLE IS GIVEN.     Date  05/11/18    Time  21:11:04


 Structure factor least squares      calculation number     2
           Bad agreements 

    h    k    l      Fo        Fc 

    4.   1.   0.     1.24     4.03
    0.   2.   0.     8.78    26.07
    6.   2.   0.    -2.58     0.50
    5.   6.   0.    -1.28     2.03
    0.  10.   0.     0.90     2.35
    2.  11.   0.     0.96     1.97
    1.  14.   0.     0.96     2.33
    0.   1.   2.    -0.45    20.92
    5.   7.   2.    -1.96     0.91
    0.   9.   2.    -0.55     1.07
    6.   0.   3.     0.85     2.54
    6.   2.   3.     0.64     2.53
    6.   4.   3.     1.88     5.30
    3.  12.   3.    -0.78     1.76
    0.  14.   3.    -1.72     0.39
    5.   1.   4.     0.51     1.77
    0.   7.   4.     0.78     1.59
    1.   0.   5.     0.71     5.06
    6.   1.   6.     1.53     3.72
    1.   4.   6.     1.98     4.97
    0.  13.   6.    -1.06     0.10
    5.   0.   8.     1.46     3.80
    2.   0.   9.    -1.01     1.74
    0.   1.   9.     0.71     4.64

 And so on ------------




 Target Weighted Residual =  5.70
   h   k  l     Fo      Fc  wDel Fo/Fc     h   k  l     Fo      Fc  wDel Fo/Fc
   0   1   2   -0.5   20.9 107.1 -0.02     0   2   0    8.8   26.1  34.0  0.34
   0   3   2   81.0   42.1  29.2  1.92     0   6   0   70.9   34.3  26.9  2.07
   0   3   5   73.7   38.6  26.5  1.91     1   0   2   76.4   44.3  25.1  1.72
   0   0   8   70.2   37.6  24.7  1.87     0   5   4   70.6   38.7  24.4  1.82
   1   5   0   73.3   43.4  23.6  1.69     1   4   4   56.2   31.6  19.0  1.78
   0   1   5   60.8   37.7  18.5  1.61     1   3   0   54.4   30.4  18.5  1.79
   1   1   4   45.4   23.0  16.7  1.97     2   0   5   54.0   34.0  16.1  1.59
   1   2   6   55.4   35.8  16.0  1.55     0   6   2   49.0   28.6  16.0  1.71
   0   2   2   49.9   29.6  16.0  1.68     2   2   3   49.0   28.7  16.0  1.71
   0   2   7   37.2   16.3  14.9  2.28     0   6   6   42.6   23.9  14.4  1.78
   2   1   3   41.9   23.4  14.3  1.79     2   0   4   52.7   35.9  14.0  1.47
   0   1   7   36.1   16.9  14.0  2.14     0   6   1   44.4   27.3  13.7  1.63
   2   0   1   47.0   30.2  13.7  1.56     0   0   6   43.0   27.5  12.6  1.56
   1   1   8   41.3   25.6  12.5  1.61     1   4   1   35.9   19.5  12.5  1.84
   2   0   0   40.0   24.4  12.4  1.64     1   6   2   31.3   14.0  12.4  2.23

                              ***
                             ***
 R-value    Weighted R      ************              ************
                           *************  HERE IT IS  ************
  34.06       75.70         ************              ************
                             ***
                              ***

 Sum of /FO/    Sum of /FC/    Sum of /Delta/    Minimization function

     12146.          8467.           4160.                                   On scale of /FC/

     12019.          8378.           4116.               0.3676E+05          On scale of /FO/

 New scale factor (G) is      0.990,    1133 reflections used in refinement

 Structure factor least squares calculation    2  ends  3



     1133 reflections   R 34.06% Rw 75.70% with I/u(I) from List 28, I/Sig=  -3.00
     1133 reflections   R 34.06% Rw 75.70% with I/u(I) > -10.0
     1016 reflections   R 33.38% Rw 62.46% with I/u(I) >   2.0
SumFo/SumFc=  1.420   SumFoFc/SumFc^2=  1.470   SumwFoFc/SumwFc^2=  1.269
LS-scale=  0.990   Wilson Scale=  1.581
<Fo>-<Fc> =    3.248    100*(<Fo>-<Fc>)/<Fo> =    30.29
#CYCLENDS
#GENERALEDIT 30
#SCRIPT RFACTOR
#GENERALEDIT 5
#GENERALEDIT 6
#GENERALEDIT 5
#SFLS
#SPEC  NO  NO
#SCALE      1
 Initialising Special positions


 THIS IS THE DEFAULT SETTING FOR THE TITLE, PROVIDED WHEN NO USER TITLE IS GIVEN.     Date  05/11/18    Time  21:11:04


 Structure factor least squares      calculation number     3
           Bad agreements 

    h    k    l      Fo        Fc 

    4.   1.   0.     0.81     4.03
    0.   2.   0.     5.76    26.07
    6.   2.   0.    -1.69     0.50
    6.   3.   0.     1.44     2.92
    6.   4.   0.     3.06     6.72
    5.   6.   0.    -0.84     2.03
    0.  10.   0.     0.59     2.35
    2.  11.   0.     0.63     1.97
    2.  12.   0.     0.84     1.72
    1.  14.   0.     0.63     2.33
    6.   3.   1.     0.94     2.22
    6.   0.   2.     2.36     5.15
    0.   1.   2.    -0.30    20.92
    5.   7.   2.    -1.28     0.91
    5.   8.   2.     1.35     3.71
    0.   9.   2.    -0.36     1.07
    0.  13.   2.     1.03     2.09
    6.   0.   3.     0.55     2.54
    6.   2.   3.     0.42     2.53
    6.   4.   3.     1.23     5.30
    3.  12.   3.    -0.51     1.76
    0.  14.   3.    -1.13     0.39
    5.   1.   4.     0.33     1.77
    0.   4.   4.     1.18     3.38

 And so on ------------


                              ***
                             ***
 R-value    Weighted R      ************              ************
                           *************  HERE IT IS  ************
  20.13      115.13         ************              ************
                             ***
                              ***

 Sum of /FO/    Sum of /FC/    Sum of /Delta/    Minimization function

      7962.          8467.           1612.                                   On scale of /FC/

     12019.         12782.           2433.               0.8501E+05          On scale of /FO/

 New scale factor (G) is      0.990,    1133 reflections used in refinement

 Structure factor least squares calculation    3  ends  1
SumFo/SumFc=  1.420   SumFoFc/SumFc^2=  1.470   SumwFoFc/SumwFc^2=  1.269
LS-scale=  0.990   Wilson Scale=  1.581
<Fo>-<Fc> =    3.248    100*(<Fo>-<Fc>)/<Fo> =    30.29
#CYCLENDS
#LIST 4
#SCRIPT RFACTOR
#GENERALEDIT 5
#GENERALEDIT 6
##EDIT
 1929*  ##edit                                                                            *** IGNORED/ERROR(S) *** 
     *                                                                                    *** IGNORED/ERROR(S) *** 
     *                                                                                    *** IGNORED/ERROR(S) *** 
     *                                                                                    *** IGNORED/ERROR(S) *** 
     *                                                                                    *** IGNORED/ERROR(S) *** 
     *                                                                                    *** IGNORED/ERROR(S) *** 
     *                                                                                    *** IGNORED/ERROR(S) *** 
     *                                                                                    *** IGNORED/ERROR(S) *** 
     *                                                                                    *** IGNORED/ERROR(S) *** 
     *                                                                                    *** IGNORED/ERROR(S) *** 
     *                                                                                    *** IGNORED/ERROR(S) *** 
     *                                                                                    *** IGNORED/ERROR(S) *** 
     *                                                                                    *** IGNORED/ERROR(S) *** 
     *                                                                                    *** IGNORED/ERROR(S) *** 
     *                                                                                    *** IGNORED/ERROR(S) *** 
     *                                                                                    *** IGNORED/ERROR(S) *** 
     *                                                                                    *** IGNORED/ERROR(S) *** 
     *                                                                                    *** IGNORED/ERROR(S) *** 
     *                                                                                    *** IGNORED/ERROR(S) *** 
     *                                                                                    *** IGNORED/ERROR(S) *** 
     *                                                                                    *** IGNORED/ERROR(S) *** 
     *                                                                                    *** IGNORED/ERROR(S) *** 
     *                                                                                    *** IGNORED/ERROR(S) *** 
     *                                                                                    *** IGNORED/ERROR(S) *** 
     *                                                                                    *** IGNORED/ERROR(S) *** 
     *                                                                                    *** IGNORED/ERROR(S) *** 
     *                                                                                    *** IGNORED/ERROR(S) *** 
     *                                                                                    *** IGNORED/ERROR(S) *** 
     *                                                                                    *** IGNORED/ERROR(S) *** 
     *                                                                                    *** IGNORED/ERROR(S) *** 
     *                                                                                    *** IGNORED/ERROR(S) *** 
     *                                                                                    *** IGNORED/ERROR(S) *** 
     *                                                                                    *** IGNORED/ERROR(S) *** 
     *                                                                                    *** IGNORED/ERROR(S) *** 
     *                                                                                    *** IGNORED/ERROR(S) *** 
     *                                                                                    *** IGNORED/ERROR(S) *** 
     *                                                                                    *** IGNORED/ERROR(S) *** 
     *                                                                                    *** IGNORED/ERROR(S) *** 
     *                                                                                    *** IGNORED/ERROR(S) *** 
     *                                                                                    *** IGNORED/ERROR(S) *** 
     *                                                                                    *** IGNORED/ERROR(S) *** 
     *                                                                                    *** IGNORED/ERROR(S) *** 
     *                                                                                    *** IGNORED/ERROR(S) *** 
     *                                                                                    *** IGNORED/ERROR(S) *** 
     *                                                                                    *** IGNORED/ERROR(S) *** 
     *                                                                                    *** IGNORED/ERROR(S) *** 
     *                                                                                    *** IGNORED/ERROR(S) *** 
     *                                                                                    *** IGNORED/ERROR(S) *** 
     *                                                                                    *** IGNORED/ERROR(S) *** 
     *                                                                                    *** IGNORED/ERROR(S) *** 
     *                                                                                    *** IGNORED/ERROR(S) *** 
     *                                                                                    *** IGNORED/ERROR(S) *** 
     *                                                                                    *** IGNORED/ERROR(S) *** 
     *                                                                                    *** IGNORED/ERROR(S) *** 
     *                                                                                    *** IGNORED/ERROR(S) *** 
     *                                                                                    *** IGNORED/ERROR(S) *** 
     *                                                                                    *** IGNORED/ERROR(S) *** 
     *                                                                                    *** IGNORED/ERROR(S) *** 
     *                                                                                    *** IGNORED/ERROR(S) *** 
     *                                                                                    *** IGNORED/ERROR(S) *** 
     *                                                                                    *** IGNORED/ERROR(S) *** 
     *                                                                                    *** IGNORED/ERROR(S) *** 
     *                                                                                    *** IGNORED/ERROR(S) *** 
     *                                                                                    *** IGNORED/ERROR(S) *** 
     *                                                                                    *** IGNORED/ERROR(S) *** 
     *                                                                                    *** IGNORED/ERROR(S) *** 
     *                                                                                    *** IGNORED/ERROR(S) *** 
     *                                                                                    *** IGNORED/ERROR(S) *** 
     *                                                                                    *** IGNORED/ERROR(S) *** 
     *                                                                                    *** IGNORED/ERROR(S) *** 
     *                                                                                    *** IGNORED/ERROR(S) *** 
     *                                                                                    *** IGNORED/ERROR(S) *** 
     *                                                                                    *** IGNORED/ERROR(S) *** 
     *                                                                                    *** IGNORED/ERROR(S) *** 
     *                                                                                    *** IGNORED/ERROR(S) *** 
     *                                                                                    *** IGNORED/ERROR(S) *** 
     *                                                                                    *** IGNORED/ERROR(S) *** 
     *                                                                                    *** IGNORED/ERROR(S) *** 
     *                                                                                    *** IGNORED/ERROR(S) *** 
     *                                                                                    *** IGNORED/ERROR(S) *** 
     *                                                                                    *** IGNORED/ERROR(S) *** 
     *                                                                                    *** IGNORED/ERROR(S) *** 
     *                                                                                    *** IGNORED/ERROR(S) *** 
     *                                                                                    *** IGNORED/ERROR(S) *** 
     *                                                                                    *** IGNORED/ERROR(S) *** 
     *                                                                                    *** IGNORED/ERROR(S) *** 
     *                                                                                    *** IGNORED/ERROR(S) *** 
     *                                                                                    *** IGNORED/ERROR(S) *** 
     *                                                                                    *** IGNORED/ERROR(S) *** 
     *                                                                                    *** IGNORED/ERROR(S) *** 
     *                                                                                    *** IGNORED/ERROR(S) *** 
     *                                                                                    *** IGNORED/ERROR(S) *** 
     *                                                                                    *** IGNORED/ERROR(S) *** 
     *                                                                                    *** IGNORED/ERROR(S) *** 
     *            
 Unknown or illegal '#Instruction' on the last card

 CRYSTALS -- ERROR

#EDIT
 1930*  #edit 
 1931*  rename N(4) O(4) 
 1932*  end 
 The following atom(s) will be changed
         Occ    x     y     z      U11   U22   U33  U23  U13  U12    Spare     Part
                                   Uiso  Size D/100 A/100
   O   4 1.00 0.833 0.600 0.439 1 0.025 0.000 0.000 0.00 0.00 0.00     1.000      0
 List   5 now contains     11 atom(s)
 1933*    
 1934*    
#EDIT
 1935*  #edit 
E Error: DRENAME  N(1) O(1)
E ---------------------^^^
E Error: atom O(1) is not present in the model
 1936*  drename  N(1) O(1)                                                                *** IGNORED/ERROR(S) *** 
     *                                                                                    *** IGNORED/ERROR(S) *** 
     *                                                                                    *** IGNORED/ERROR(S) *** 
     *                                                                                    *** IGNORED/ERROR(S) *** 
     *                                                                                    *** IGNORED/ERROR(S) *** 
     *                                                                                    *** IGNORED/ERROR(S) *** 
     *                                                                                    *** IGNORED/ERROR(S) *** 
     *                                                                                    *** IGNORED/ERROR(S) *** 
     *                                                                                    *** IGNORED/ERROR(S) *** 
     *                                                                                    *** IGNORED/ERROR(S) *** 
     *                                                                                    *** IGNORED/ERROR(S) *** 
     *                                                                                    *** IGNORED/ERROR(S) *** 
     *                                                                                    *** IGNORED/ERROR(S) *** 
     *                                                                                    *** IGNORED/ERROR(S) *** 
     *                                                                                    *** IGNORED/ERROR(S) *** 
     *                                                                                    *** IGNORED/ERROR(S) *** 
     *                                                                                    *** IGNORED/ERROR(S) *** 
     *                                                                                    *** IGNORED/ERROR(S) *** 
     *                                                                                    *** IGNORED/ERROR(S) *** 
     *                                                                                    *** IGNORED/ERROR(S) *** 
     *                                                                                    *** IGNORED/ERROR(S) *** 
     *                                                                                    *** IGNORED/ERROR(S) *** 
     *                                                                                    *** IGNORED/ERROR(S) *** 
     *                                                                                    *** IGNORED/ERROR(S) *** 
     *                                                                                    *** IGNORED/ERROR(S) *** 
     *                                                                                    *** IGNORED/ERROR(S) *** 
     *                                                                                    *** IGNORED/ERROR(S) *** 
     *                                                                                    *** IGNORED/ERROR(S) *** 
     *                                                                                    *** IGNORED/ERROR(S) *** 
     *                                                                                    *** IGNORED/ERROR(S) *** 
     *                                                                                    *** IGNORED/ERROR(S) *** 
     *                                                                                    *** IGNORED/ERROR(S) *** 
     *                                                                                    *** IGNORED/ERROR(S) *** 
     *                                                                                    *** IGNORED/ERROR(S) *** 
     *                                                                                    *** IGNORED/ERROR(S) *** 
     *                                                                                    *** IGNORED/ERROR(S) *** 
     *                                                                                    *** IGNORED/ERROR(S) *** 
     *                                                                                    *** IGNORED/ERROR(S) *** 
     *                                                                                    *** IGNORED/ERROR(S) *** 
     *                                                                                    *** IGNORED/ERROR(S) *** 
     *                                                                                    *** IGNORED/ERROR(S) *** 
     *                                                                                    *** IGNORED/ERROR(S) *** 
     *                                                                                    *** IGNORED/ERROR(S) *** 
     *                                                                                    *** IGNORED/ERROR(S) *** 
     *                                                                                    *** IGNORED/ERROR(S) *** 
     *                                                                                    *** IGNORED/ERROR(S) *** 
     *                                                                                    *** IGNORED/ERROR(S) *** 
     *                                                                                    *** IGNORED/ERROR(S) *** 
     *                                                                                    *** IGNORED/ERROR(S) *** 
     *                                                                                    *** IGNORED/ERROR(S) *** 
     *                                                                                    *** IGNORED/ERROR(S) *** 
     *                                                                                    *** IGNORED/ERROR(S) *** 
     *                                                                                    *** IGNORED/ERROR(S) *** 
     *                                                                                    *** IGNORED/ERROR(S) *** 
     *                                                                                    *** IGNORED/ERROR(S) *** 
     *                                                                                    *** IGNORED/ERROR(S) *** 
     *                                                                                    *** IGNORED/ERROR(S) *** 
     *                                                                                    *** IGNORED/ERROR(S) *** 
     *                                                                                    *** IGNORED/ERROR(S) *** 
     *                                                                                    *** IGNORED/ERROR(S) *** 
     *                                                                                    *** IGNORED/ERROR(S) *** 
     *                                                                                    *** IGNORED/ERROR(S) *** 
     *                                                                                    *** IGNORED/ERROR(S) *** 
     *                                                                                    *** IGNORED/ERROR(S) *** 
     *                                                                                    *** IGNORED/ERROR(S) *** 
     *                                                                                    *** IGNORED/ERROR(S) *** 
     *                                                                                    *** IGNORED/ERROR(S) *** 
     *                                                                                    *** IGNORED/ERROR(S) *** 
     *                                                                                    *** IGNORED/ERROR(S) *** 
     *                                                                                    *** IGNORED/ERROR(S) *** 
     *                                                                                    *** IGNORED/ERROR(S) *** 
     *                                                                                    *** IGNORED/ERROR(S) *** 
     *                                                                                    *** IGNORED/ERROR(S) *** 
     *                                                                                    *** IGNORED/ERROR(S) *** 
     *                                                                                    *** IGNORED/ERROR(S) *** 
     *                                                                                    *** IGNORED/ERROR(S) *** 
     *                                                                                    *** IGNORED/ERROR(S) *** 
     *                                                                                    *** IGNORED/ERROR(S) *** 
     *                                                                                    *** IGNORED/ERROR(S) *** 
     *                                                                                    *** IGNORED/ERROR(S) *** 
     *                                                                                    *** IGNORED/ERROR(S) *** 
     *                                                                                    *** IGNORED/ERROR(S) *** 
     *                                                                                    *** IGNORED/ERROR(S) *** 
     *                                                                                    *** IGNORED/ERROR(S) *** 
     *                                                                                    *** IGNORED/ERROR(S) *** 
     *                                                                                    *** IGNORED/ERROR(S) *** 
     *                                                                                    *** IGNORED/ERROR(S) *** 
     *                                                                                    *** IGNORED/ERROR(S) *** 
     *                                                                                    *** IGNORED/ERROR(S) *** 
     *                                                                                    *** IGNORED/ERROR(S) *** 
     *                                                                                    *** IGNORED/ERROR(S) *** 
     *                                                                                    *** IGNORED/ERROR(S) *** 
     *                                                                                    *** IGNORED/ERROR(S) *** 
     *                                                                                    *** IGNORED/ERROR(S) *** 
     *            
 The last card contains unaccessed parameter(s) beyond column    9
