#list 16
planar f(1) f(2) f(4) f(5)
end


# #SCRIPT XRESTR
# #SCRIPT YADDLI16
#RELEASE PUNCH scplst16.dat
#PUNCH 16
END
#RELEASE PUNCH logs/bfile.pch
#OPEN SCPDATA scplst16.dat
#RELEASE SCPQUEUE scplst16a.dat
#RELEASE SCPQUEUE logs/bfile.spq
# #USE scplst16a.dat
#
# Punched on 25/10/19 at 11:37:50
#
#LIST     16
PLANAR F(1) F(2) F(4) F(5)
VIBRATION 0.0, 0.020000 = C(3) to C(5)
END
# Remove space after hash to activate next line
# USE LAST
#list 26
end
#sfls
r
end
#check
end
#list 26
end
#sfls
r
end
# #SCRIPT XMODVIEW
#print 26
end



# #SCRIPT YDELU
#RELEASE PUNCH new16bit.pch
#DIST
SEL RAN=L41
OUT PUNC=DELU D1DEV= 0.002000  D2DEV= 0.005000
EXCLUDE H
END
#RELEASE PUNCH logs/bfile.pch
# #SCRIPT ZADDLI16
# #SCRIPT YADDLI16
#RELEASE PUNCH scplst16.dat
#PUNCH 16
END
#RELEASE PUNCH logs/bfile.pch
#OPEN SCPDATA scplst16.dat
#RELEASE SCPQUEUE scplst16a.dat
#OPEN SCPDATA new16bit.pch
#RELEASE SCPQUEUE logs/bfile.spq
# #USE scplst16a.dat
#
# Punched on 25/10/19 at 11:39:07
#
#LIST     16
PLANAR F(1) F(2) F(4) F(5)
VIBRATION 0.0, 0.020000 = C(3) TO C(5)
REM   DELU   START (do not remove this line)
VIBR .0, 0.00200 = C(3) to N(4)
VIBR .0, 0.00200 = C(3) to C(5)
VIBR .0, 0.00500 = C(5) to N(4)
VIBR .0, 0.00200 = C(5) to N(6)
VIBR .0, 0.00200 = C(5) to C(10)
VIBR .0, 0.00200 = C(5) to C(11)
VIBR .0, 0.00500 = N(6) to C(3)
VIBR .0, 0.00500 = C(10) to C(3)
VIBR .0, 0.00500 = C(10) to N(6)
VIBR .0, 0.00500 = C(11) to C(3)
VIBR .0, 0.00500 = C(11) to N(6)
VIBR .0, 0.00500 = C(11) to C(10)
VIBR .0, 0.00200 = N(6) to C(7)
VIBR .0, 0.00500 = C(7) to C(5)
VIBR .0, 0.00200 = C(7) to N(8)
VIBR .0, 0.00200 = C(7) to C(9)
VIBR .0, 0.00500 = N(8) to N(6)
VIBR .0, 0.00500 = C(9) to N(6)
VIBR .0, 0.00500 = C(9) to N(8)
VIBR .0, 0.00200 = C(10) to C(11)
VIBR .0, 0.00500 = C(11) to C(5)
VIBR .0, 0.00500 = C(10) to C(5)
REM   DELU   END (do not remove this line)
END
# #SCRIPT EDLIST16
#RELEASE PUNCH scporg16.dat
#PUNCH 16
END
#RELEASE PUNCH scplst16.dat
#PUNCH 16
END
#RELEASE PUNCH logs/bfile.pch
# #SCRIPT xeditorgl
# #USE scplst16.dat
# This file will be read by CRYSTALS
# when you close it, so save any changes that you make.
# To abandon changes: either don't save, or, delete all
# lines from this file before saving.
#
# To remove all restraints, replace them with the
# single keyword NO, so that the file reads:
#     #LIST 16
#     NO
#     END
#
# Punched on 25/10/19 at 11:39:08
#
#LIST     16
PLANAR F(1) F(2) F(4) F(5)
VIBRATION 0.0, 0.020000 = C(3) TO C(5)
REM   DELU   START (DO NOT REMOVE THIS LINE)
VIBR .0, 0.00200 = C(3) TO N(4)
VIBR .0, 0.00200 = C(3) TO C(5)
VIBR .0, 0.00500 = C(5) TO N(4)
VIBR .0, 0.00200 = C(5) TO N(6)
VIBR .0, 0.00200 = C(5) TO C(10)
VIBR .0, 0.00200 = C(5) TO C(11)
VIBR .0, 0.00500 = N(6) TO C(3)
VIBR .0, 0.00500 = C(10) TO C(3)
VIBR .0, 0.00500 = C(10) TO N(6)
VIBR .0, 0.00500 = C(11) TO C(3)
VIBR .0, 0.00500 = C(11) TO N(6)
VIBR .0, 0.00500 = C(11) TO C(10)
VIBR .0, 0.00200 = N(6) TO C(7)
VIBR .0, 0.00500 = C(7) TO C(5)
VIBR .0, 0.00200 = C(7) TO N(8)
VIBR .0, 0.00200 = C(7) TO C(9)
VIBR .0, 0.00500 = N(8) TO N(6)
VIBR .0, 0.00500 = C(9) TO N(6)
VIBR .0, 0.00500 = C(9) TO N(8)
VIBR .0, 0.00200 = C(10) TO C(11)
VIBR .0, 0.00500 = C(11) TO C(5)
VIBR .0, 0.00500 = C(10) TO C(5)
REM   DELU   END (DO NOT REMOVE THIS LINE)
END
# Remove space after hash to activate next line
# USE LAST
#SUMMARY LIST 16
END
# #SCRIPT XGUIDERC
# #SCRIPT XWRITE5
# #SCRIPT CALL-TOOL-HELP
# #SCRIPT TEST-TOOL-HELP
# #SCRIPT SFLS39
#GENERALEDIT 39
LOCATE RECORDTYPE = 102
KEY OFFSET = 0 LENGTH = 1 MODE = CHARACTER
GROUP MODE = INTEGER
RECORD MODE = INTEGER
ERROR MESS=NO SIGN=NONE ACTI=CONT NAME=EDITERROR
TOP
END
#GENERALEDIT 39
LOCATE RECORDTYPE = 101
KEY OFFSET = 0 LENGTH = 1 MODE = CHARACTER
GROUP MODE = INTEGER
RECORD MODE = INTEGER
ERROR MESS=NO SIGN=NONE ACTI=CONT NAME=EDITERROR
TOP
NEXT
END
# #SCRIPT ASSESS5
#GENERALEDIT 5
LOCATE RECORDTYPE=101
ERROR MESSAGE=NO SIGNAL=NONE ACTION=CONTING NAME=EDITERROR
TOP
LOCATE RECORDTYPE=102
TOP
LOCATE RECORDTYPE=101
ERROR MESSAGE=NO SIGNAL=NONE ACTION=CONTING NAME=EDITERROR
TOP
NEXT
NEXT
NEXT
NEXT
NEXT
NEXT
NEXT
NEXT
END
#GENERALEDIT 13
LOCATE RECORDTYPE=101
END
# #SCRIPT XGETINFO
#GENERALEDIT 39
LOCATE RECORDTYPE = 101
ERROR MESS=NO SIGN=NONE ACTI=CONT NAME=EDITERROR
NEXT
END
#GENERALEDIT 2
LOCATE RECORDTYPE=101
END
#GENERALEDIT 23
LOCATE RECORDTYPE=101
END
#GENERALEDIT 23
LOCATE RECORDTYPE=101
END
#GENERALEDIT 12
END
# #SCRIPT CHECK3
#GENERALEDIT 3
LOCATE RECORDTYPE=101
ERROR MESS=NO SIGN=NONE ACTI=CONT NAME=EDITERROR
NEXT
NEXT
NEXT
END
#GENERALEDIT 5
END
#GENERALEDIT 5
LOCATE RECORDTYPE=101
ERROR MESS=NO SIGN=NONE ACTI=CONT NAME=EDITERROR
NEXT
NEXT
NEXT
NEXT
NEXT
NEXT
NEXT
NEXT
END
#GENERALEDIT 39
LOCATE RECORDTYPE = 101
ERROR MESS=NO SIGN=NONE ACTI=CONT NAME=EDITERROR
NEXT
END
# #SCRIPT A_GETRESIDUESANDPARTS
#GENERALEDIT 5
LOCATE RECORDTYPE=101
ERROR MESS=NO SIGN=NONE ACTI=CONT NAME=EDITERROR
#RELEASE PUNCH SortR.dat
#RELEASE PUNCH logs/bfile.pch
NEXT
#OPEN SCPDATA SortR.dat
#CLOSE SCPDATA
NEXT
#OPEN SCPDATA SortR.dat
#CLOSE SCPDATA
NEXT
#OPEN SCPDATA SortR.dat
#CLOSE SCPDATA
NEXT
#OPEN SCPDATA SortR.dat
#CLOSE SCPDATA
NEXT
#OPEN SCPDATA SortR.dat
#CLOSE SCPDATA
NEXT
#OPEN SCPDATA SortR.dat
#CLOSE SCPDATA
NEXT
#OPEN SCPDATA SortR.dat
#CLOSE SCPDATA
NEXT
#OPEN SCPDATA SortR.dat
#CLOSE SCPDATA
END
#RELEASE PUNCH Residues.dat
#OPEN SCPDATA SortR.dat
#CLOSE SCPDATA
#RELEASE PUNCH logs/bfile.pch
#GENERALEDIT 5
LOCATE RECORDTYPE=101
ERROR MESS=NO SIGN=NONE ACTI=CONT NAME=EDITERROR
#RELEASE PUNCH SortP.dat
#RELEASE PUNCH logs/bfile.pch
NEXT
#OPEN SCPDATA SortP.dat
#CLOSE SCPDATA
NEXT
#OPEN SCPDATA SortP.dat
#CLOSE SCPDATA
NEXT
#OPEN SCPDATA SortP.dat
#CLOSE SCPDATA
NEXT
#OPEN SCPDATA SortP.dat
#CLOSE SCPDATA
NEXT
#OPEN SCPDATA SortP.dat
#CLOSE SCPDATA
NEXT
#OPEN SCPDATA SortP.dat
#CLOSE SCPDATA
NEXT
#OPEN SCPDATA SortP.dat
#CLOSE SCPDATA
NEXT
#OPEN SCPDATA SortP.dat
#CLOSE SCPDATA
END
#RELEASE PUNCH Parts.dat
#OPEN SCPDATA SortP.dat
#CLOSE SCPDATA
#RELEASE PUNCH logs/bfile.pch
#GENERALEDIT 23
LOCATE RECORDTYPE=101
TRANSFER TO OFFSET=6 FROM           -1                                                                                              
WRITE OVERWRITE=OVERWRITE
END
#GENERALEDIT 23
LOCATE RECORDTYPE=101
TRANSFER TO OFFSET=8 FROM            0                                                                                              
WRITE OVERWRITE=OVERWRITE
END
#GENERALEDIT 23
LOCATE RECORDTYPE=101
TRANSFER TO OFFSET=7 FROM            0                                                                                              
WRITE OVERWRITE=OVERWRITE
END
#GENERALEDIT 5
END
#GENERALEDIT 5
LOCATE RECORDTYPE=101
ERROR MESS=NO SIGN=NONE ACTI=CONT NAME=EDITERROR
TRANSFER TO OFFSET=15 FROM            3                                                                                             
NEXT
TRANSFER TO OFFSET=15 FROM            3                                                                                             
NEXT
TRANSFER TO OFFSET=15 FROM            3                                                                                             
NEXT
TRANSFER TO OFFSET=15 FROM            3                                                                                             
NEXT
TRANSFER TO OFFSET=15 FROM            3                                                                                             
NEXT
TRANSFER TO OFFSET=15 FROM            3                                                                                             
NEXT
TRANSFER TO OFFSET=15 FROM            3                                                                                             
NEXT
TRANSFER TO OFFSET=15 FROM            3                                                                                             
NEXT
TRANSFER TO OFFSET=15 FROM            3                                                                                             
WRITE OVERWRITE=NO
END
#RELEASE punch new16bit.pch
# #SCRIPT ZADDLI16
# #SCRIPT YADDLI16
#RELEASE PUNCH scplst16.dat
#PUNCH 16
END
#RELEASE PUNCH logs/bfile.pch
#OPEN SCPDATA scplst16.dat
#RELEASE SCPQUEUE scplst16a.dat
#OPEN SCPDATA new16bit.pch
#RELEASE SCPQUEUE logs/bfile.spq
# #USE scplst16a.dat
#
# Punched on 25/10/19 at 11:39:16
#
#LIST     16
PLANAR F(1) F(2) F(4) F(5)
VIBRATION 0.0, 0.020000 = C(3) TO C(5)
REM   DELU   START (DO NOT REMOVE THIS LINE)
VIBR .0, 0.00200 = C(3) TO N(4)
VIBR .0, 0.00200 = C(3) TO C(5)
VIBR .0, 0.00500 = C(5) TO N(4)
VIBR .0, 0.00200 = C(5) TO N(6)
VIBR .0, 0.00200 = C(5) TO C(10)
VIBR .0, 0.00200 = C(5) TO C(11)
VIBR .0, 0.00500 = N(6) TO C(3)
VIBR .0, 0.00500 = C(10) TO C(3)
VIBR .0, 0.00500 = C(10) TO N(6)
VIBR .0, 0.00500 = C(11) TO C(3)
VIBR .0, 0.00500 = C(11) TO N(6)
VIBR .0, 0.00500 = C(11) TO C(10)
VIBR .0, 0.00200 = N(6) TO C(7)
VIBR .0, 0.00500 = C(7) TO C(5)
VIBR .0, 0.00200 = C(7) TO N(8)
VIBR .0, 0.00200 = C(7) TO C(9)
VIBR .0, 0.00500 = N(8) TO N(6)
VIBR .0, 0.00500 = C(9) TO N(6)
VIBR .0, 0.00500 = C(9) TO N(8)
VIBR .0, 0.00200 = C(10) TO C(11)
VIBR .0, 0.00500 = C(11) TO C(5)
VIBR .0, 0.00500 = C(10) TO C(5)
REM   DELU   END (DO NOT REMOVE THIS LINE)
REM   HREST   START (do not remove this line)
REM   HREST   END (do not remove this line)
END
#LIST 12
BLOCK SCALE X'S  U'S
END
# #SCRIPT VALID12
#LIST 22
END
#PRINT 12
END
#DISK
RESET 5 41
END
#GENERALEDIT 12
END
# #SCRIPT XPUTINFO
#GENERALEDIT 39
LOCATE RECORDTYPE = 101
KEY OFFSET = 0 LENGTH = 1 MODE = CHARACTER
GROUP MODE = INTEGER
RECORD MODE = INTEGER
ERROR MESS=NO SIGN=NONE ACTI=CONT NAME=EDITERROR
SEARCH CHAR = INFO
CHANGE 0 CHAR CHAR = INFO
CHANGE 1 INTEGER INTEGER = 0
CHANGE 6 INTEGER INTEGER =    0
CHANGE 7 INTEGER INTEGER =      3
CHANGE 9 INTEGER INTEGER =    0
WRITE OVERWRITE=OVERWRITE
LOCATE RECORDTYPE = 102
KEY OFFSET = 0 LENGTH = 1 MODE = CHARACTER
GROUP MODE = REAL
RECORD MODE = REAL
ERROR MESS=NO SIGN=NONE ACTI=CONT NAME=EDITERROR
INSERT
CHANGE 0 CHAR CHAR = INFO
CHANGE 1 REAL REAL = 0.0
END
# #SCRIPT XREFINE
# #SCRIPT SFLS39
#GENERALEDIT 39
LOCATE RECORDTYPE = 102
KEY OFFSET = 0 LENGTH = 1 MODE = CHARACTER
GROUP MODE = INTEGER
RECORD MODE = INTEGER
ERROR MESS=NO SIGN=NONE ACTI=CONT NAME=EDITERROR
TOP
END
#GENERALEDIT 39
LOCATE RECORDTYPE = 101
KEY OFFSET = 0 LENGTH = 1 MODE = CHARACTER
GROUP MODE = INTEGER
RECORD MODE = INTEGER
ERROR MESS=NO SIGN=NONE ACTI=CONT NAME=EDITERROR
TOP
NEXT
END
# #SCRIPT RFACTOR
#GENERALEDIT 5
LOCATE RECORDTYPE = 102
END
#GENERALEDIT 6
LOCATE RECORDTYPE=106
LOCATE RECORDTYPE=107
NEXT
NEXT
NEXT
NEXT
NEXT
END
# #SCRIPT XGETINFO
#GENERALEDIT 39
LOCATE RECORDTYPE = 101
ERROR MESS=NO SIGN=NONE ACTI=CONT NAME=EDITERROR
NEXT
END
# #SCRIPT XDELQ
#EDIT
MONITOR OFF
SELECT TYPE NE Q
SELECT TYPE NE QC
SELECT TYPE NE QH
SELECT TYPE NE QN
SELECT TYPE NE R
SELECT TYPE NE M
SELECT TYPE NE L
EXEC
END
#LIST 22
END
#SFLS
REFINE
END
#GENERALEDIT 11
LOCATE RECORDTYPE=103
END
# #SCRIPT SFLSCONVERGE
#GENERALEDIT 39
LOCATE RECORDTYPE = 102
KEY OFFSET = 0 LENGTH = 1 MODE = CHARACTER
GROUP MODE = INTEGER
RECORD MODE = INTEGER
ERROR MESS=NO SIGN=NONE ACTI=CONT NAME=EDITERROR
TOP
END
#SFLS
REFINE
END
#GENERALEDIT 11
LOCATE RECORDTYPE=103
END
# #SCRIPT SFLSCONVERGE
#GENERALEDIT 39
LOCATE RECORDTYPE = 102
KEY OFFSET = 0 LENGTH = 1 MODE = CHARACTER
GROUP MODE = INTEGER
RECORD MODE = INTEGER
ERROR MESS=NO SIGN=NONE ACTI=CONT NAME=EDITERROR
TOP
END
#SFLS
REFINE
END
#GENERALEDIT 11
LOCATE RECORDTYPE=103
END
# #SCRIPT SFLSCONVERGE
#GENERALEDIT 39
LOCATE RECORDTYPE = 102
KEY OFFSET = 0 LENGTH = 1 MODE = CHARACTER
GROUP MODE = INTEGER
RECORD MODE = INTEGER
ERROR MESS=NO SIGN=NONE ACTI=CONT NAME=EDITERROR
TOP
END
#SFLS
REFINE
END
#GENERALEDIT 11
LOCATE RECORDTYPE=103
END
# #SCRIPT SFLSCONVERGE
#GENERALEDIT 39
LOCATE RECORDTYPE = 102
KEY OFFSET = 0 LENGTH = 1 MODE = CHARACTER
GROUP MODE = INTEGER
RECORD MODE = INTEGER
ERROR MESS=NO SIGN=NONE ACTI=CONT NAME=EDITERROR
TOP
END
#SFLS
REFINE
END
#GENERALEDIT 11
LOCATE RECORDTYPE=103
END
# #SCRIPT SFLSCONVERGE
#GENERALEDIT 39
LOCATE RECORDTYPE = 102
KEY OFFSET = 0 LENGTH = 1 MODE = CHARACTER
GROUP MODE = INTEGER
RECORD MODE = INTEGER
ERROR MESS=NO SIGN=NONE ACTI=CONT NAME=EDITERROR
TOP
END
# #SCRIPT RFACTOR
#GENERALEDIT 5
LOCATE RECORDTYPE = 102
END
#GENERALEDIT 6
LOCATE RECORDTYPE=106
LOCATE RECORDTYPE=107
NEXT
NEXT
NEXT
NEXT
NEXT
END
# #SCRIPT XGUIDE
# #SCRIPT XGUIDER
# #SCRIPT XGETWZ
#GENERALEDIT 13
LOCATE RECORDTYPE=103
LOCATE RECORDTYPE=102
END
#GENERALEDIT 29
LOCATE RECORDTYPE=101
ERROR MESS=NO SIGN=NONE ACTI=CONT NAME=EDITERROR
NEXT
NEXT
NEXT
END
# #SCRIPT CHECK29
#GENERALEDIT 29
LOCATE RECORDTYPE=101
ERROR MESS=NO SIGN=NONE ACTI=CONT NAME=EDITERROR
NEXT
NEXT
END
# #SCRIPT XGETINFO
#GENERALEDIT 39
LOCATE RECORDTYPE = 101
ERROR MESS=NO SIGN=NONE ACTI=CONT NAME=EDITERROR
NEXT
END
# #SCRIPT ASSESS5
#GENERALEDIT 5
LOCATE RECORDTYPE=101
ERROR MESSAGE=NO SIGNAL=NONE ACTION=CONTING NAME=EDITERROR
TOP
LOCATE RECORDTYPE=102
TOP
LOCATE RECORDTYPE=101
ERROR MESSAGE=NO SIGNAL=NONE ACTION=CONTING NAME=EDITERROR
TOP
NEXT
NEXT
NEXT
NEXT
NEXT
NEXT
NEXT
NEXT
END
# #SCRIPT RFACTOR
#GENERALEDIT 5
LOCATE RECORDTYPE = 102
END
#GENERALEDIT 6
LOCATE RECORDTYPE=106
LOCATE RECORDTYPE=107
NEXT
NEXT
NEXT
NEXT
NEXT
END
#SFLS
SCALE
END
#GENERALEDIT 23
LOCATE RECORDTYPE = 103
END
# #SCRIPT XSCALE
#SFLS
CALC
END
#GENERALEDIT 30
LOCATE RECORDTYPE = 101
END
# #SCRIPT RFACTOR
#GENERALEDIT 5
LOCATE RECORDTYPE = 102
END
#GENERALEDIT 6
LOCATE RECORDTYPE=106
LOCATE RECORDTYPE=107
NEXT
NEXT
NEXT
NEXT
NEXT
END
#GENERALEDIT 5
ERROR MESSAGE=NO SIGNAL=NONE ACTION=CONTING NAME=EDITERROR
LOCATE RECORDTYPE = 102
TRANSFER TO OFFSET = 0 FROM    1.60916364                                                                                           
WRITE OVERWRITE=OVERWRITE
END
#SFLS
SCALE
END
#LIST 4
SCHEME NUMBER=16 NPARAM=6
PARAM 0.1 0 0 0 0 0.333
END
# #SCRIPT RFACTOR
#GENERALEDIT 5
LOCATE RECORDTYPE = 102
END
#GENERALEDIT 6
LOCATE RECORDTYPE=106
LOCATE RECORDTYPE=107
NEXT
NEXT
NEXT
NEXT
NEXT
END
# #SCRIPT XFOUR
# #script xdelq
#EDIT
MONITOR OFF
SELECT TYPE NE Q
SELECT TYPE NE QC
SELECT TYPE NE QH
SELECT TYPE NE QN
SELECT TYPE NE R
SELECT TYPE NE M
SELECT TYPE NE L
EXEC
END
# #SCRIPT SFLS67
# #SCRIPT COPY67
#RELEASE PUNCH tmp/list7.tmp
#COPY 6 7
END
#RELEASE PUNCH logs/bfile.pch
#IMPORT tmp/list7.tmp
#SFLS 7
CALC
END
#GENERALEDIT 13
LOCATE RECORDTYPE=101
END
#GENERALEDIT 23
LOCATE RECORDTYPE=101
#SORT 7
END
#MERGE 7 NO
END
#FOURIER 7
MAP TYPE =  DIF
REFL WEIGHT =  NO
PEAKS HEIGHT  =    3.00  NPEAK =      0  REJECT =    0.01
END
# #SCRIPT POSTFOUR
#GENERALEDIT 13
LOCATE RECORDTYPE=101
END
#set moni off
#GENERALEDIT 10
END
#GENERALEDIT 5
END
# #SCRIPT XPEAKS
#PEAKS
SELECT REJECT = .5
END
#COLLECT
SELECT TYPE=PEAKS
END
#GENERALEDIT 5
END
# #SCRIPT XPRUNE
#DIST
OUT MON=PEAKSTOGUI
PIVOT Q
NOTBONDED Q
END
#GENERALEDIT 29
LOCATE RECORDTYPE=101
ERROR MESS=NO SIGN=NONE ACTI=CONT NAME=EDITERROR
NEXT
NEXT
NEXT
END
#GENERALEDIT 29
LOCATE RECORDTYPE=101
ERROR MESS=NO SIGN=NONE ACTI=CONT NAME=EDITERROR
NEXT
NEXT
NEXT
END
#GENERALEDIT 29
LOCATE RECORDTYPE=101
ERROR MESS=NO SIGN=NONE ACTI=CONT NAME=EDITERROR
NEXT
NEXT
NEXT
END
#DIST
OUT MON=PEAKSTOGUI
PIVOT Q
NOTBONDED Q
END
#edit
monitor off
select type eq q
graph of=spare
exec
quit
END
#GENERALEDIT 5
LOCATE RECORDTYPE=101
ERROR MESS=NO SIGN=NONE ACTI=CONT NAME=EDITERROR
NEXT
NEXT
NEXT
NEXT
NEXT
NEXT
NEXT
NEXT
NEXT
NEXT
NEXT
NEXT
NEXT
END
# #SCRIPT YRETYPE
# #SCRIPT ISFREE
#GENERALEDIT 5
LOCATE RECORDTYPE=101
ERROR MESS=NO SIGN=NONE ACTI=CONT NAME=EDITERROR
TOP
NEXT
NEXT
NEXT
NEXT
NEXT
NEXT
NEXT
NEXT
NEXT
NEXT
NEXT
NEXT
NEXT
END
#EDIT
monitor off
RENAME Q(1)  C (   1 )
END
#DIST
OUT MON=PEAKSTOGUI
PIVOT Q
NOTBONDED Q
END
#edit
monitor off
select type eq q
graph of=spare
exec
quit
END
#GENERALEDIT 5
LOCATE RECORDTYPE=101
ERROR MESS=NO SIGN=NONE ACTI=CONT NAME=EDITERROR
NEXT
NEXT
NEXT
NEXT
NEXT
NEXT
NEXT
NEXT
NEXT
NEXT
NEXT
NEXT
NEXT
END
# #SCRIPT YRETYPE
# #SCRIPT ISFREE
#GENERALEDIT 5
LOCATE RECORDTYPE=101
ERROR MESS=NO SIGN=NONE ACTI=CONT NAME=EDITERROR
TOP
NEXT
END
# #SCRIPT NEXTFREE
#GENERALEDIT 5
LOCATE RECORDTYPE=101
SORT 2 REAL ASCEN
ERROR MESS=NO SIGN=NONE ACTI=CONT NAME=EDITERROR
NEXT
NEXT
END
#EDIT
monitor off
RENAME Q(3)  C (   2 )
END
#DIST
OUT MON=PEAKSTOGUI
PIVOT Q
NOTBONDED Q
END
#edit
monitor off
select type eq q
graph of=spare
exec
quit
END
#GENERALEDIT 5
LOCATE RECORDTYPE=101
ERROR MESS=NO SIGN=NONE ACTI=CONT NAME=EDITERROR
NEXT
NEXT
NEXT
NEXT
NEXT
NEXT
NEXT
NEXT
NEXT
NEXT
NEXT
NEXT
NEXT
END
# #SCRIPT XDELQ
#EDIT
MONITOR OFF
SELECT TYPE NE Q
SELECT TYPE NE QC
SELECT TYPE NE QH
SELECT TYPE NE QN
SELECT TYPE NE R
SELECT TYPE NE M
SELECT TYPE NE L
EXEC
END
# #SCRIPT XGUIDERC
# #SCRIPT XWRITE5
# #SCRIPT CALL-TOOL-HELP
# #SCRIPT TEST-TOOL-HELP
# #SCRIPT SFLS39
#GENERALEDIT 39
LOCATE RECORDTYPE = 102
KEY OFFSET = 0 LENGTH = 1 MODE = CHARACTER
GROUP MODE = INTEGER
RECORD MODE = INTEGER
ERROR MESS=NO SIGN=NONE ACTI=CONT NAME=EDITERROR
TOP
END
#GENERALEDIT 39
LOCATE RECORDTYPE = 101
KEY OFFSET = 0 LENGTH = 1 MODE = CHARACTER
GROUP MODE = INTEGER
RECORD MODE = INTEGER
ERROR MESS=NO SIGN=NONE ACTI=CONT NAME=EDITERROR
TOP
NEXT
END
# #SCRIPT ASSESS5
#GENERALEDIT 5
LOCATE RECORDTYPE=101
ERROR MESSAGE=NO SIGNAL=NONE ACTION=CONTING NAME=EDITERROR
TOP
LOCATE RECORDTYPE=102
TOP
LOCATE RECORDTYPE=101
ERROR MESSAGE=NO SIGNAL=NONE ACTION=CONTING NAME=EDITERROR
TOP
NEXT
NEXT
NEXT
NEXT
NEXT
NEXT
NEXT
NEXT
NEXT
NEXT
END
#GENERALEDIT 13
LOCATE RECORDTYPE=101
END
# #SCRIPT XGETINFO
#GENERALEDIT 39
LOCATE RECORDTYPE = 101
ERROR MESS=NO SIGN=NONE ACTI=CONT NAME=EDITERROR
NEXT
END
#GENERALEDIT 2
LOCATE RECORDTYPE=101
END
#GENERALEDIT 23
LOCATE RECORDTYPE=101
END
#GENERALEDIT 23
LOCATE RECORDTYPE=101
END
#GENERALEDIT 12
END
# #SCRIPT CHECK3
#GENERALEDIT 3
LOCATE RECORDTYPE=101
ERROR MESS=NO SIGN=NONE ACTI=CONT NAME=EDITERROR
NEXT
NEXT
NEXT
END
#GENERALEDIT 5
END
#GENERALEDIT 5
LOCATE RECORDTYPE=101
ERROR MESS=NO SIGN=NONE ACTI=CONT NAME=EDITERROR
NEXT
NEXT
NEXT
NEXT
NEXT
NEXT
NEXT
NEXT
NEXT
NEXT
END
#GENERALEDIT 39
LOCATE RECORDTYPE = 101
ERROR MESS=NO SIGN=NONE ACTI=CONT NAME=EDITERROR
NEXT
END
# #SCRIPT A_GETRESIDUESANDPARTS
#GENERALEDIT 5
LOCATE RECORDTYPE=101
ERROR MESS=NO SIGN=NONE ACTI=CONT NAME=EDITERROR
#RELEASE PUNCH SortR.dat
#RELEASE PUNCH logs/bfile.pch
NEXT
#OPEN SCPDATA SortR.dat
#CLOSE SCPDATA
NEXT
#OPEN SCPDATA SortR.dat
#CLOSE SCPDATA
NEXT
#OPEN SCPDATA SortR.dat
#CLOSE SCPDATA
NEXT
#OPEN SCPDATA SortR.dat
#CLOSE SCPDATA
NEXT
#OPEN SCPDATA SortR.dat
#CLOSE SCPDATA
NEXT
#OPEN SCPDATA SortR.dat
#CLOSE SCPDATA
NEXT
#OPEN SCPDATA SortR.dat
#CLOSE SCPDATA
NEXT
#OPEN SCPDATA SortR.dat
#CLOSE SCPDATA
NEXT
#OPEN SCPDATA SortR.dat
#CLOSE SCPDATA
#APPEND PUNCH SortR.dat
#RELEASE PUNCH logs/bfile.pch
NEXT
#OPEN SCPDATA SortR.dat
#CLOSE SCPDATA
END
#RELEASE PUNCH Residues.dat
#OPEN SCPDATA SortR.dat
#CLOSE SCPDATA
#OPEN SCPDATA SortR.dat
#CLOSE SCPDATA
#RELEASE PUNCH logs/bfile.pch
#GENERALEDIT 5
LOCATE RECORDTYPE=101
ERROR MESS=NO SIGN=NONE ACTI=CONT NAME=EDITERROR
#RELEASE PUNCH SortP.dat
#RELEASE PUNCH logs/bfile.pch
NEXT
#OPEN SCPDATA SortP.dat
#CLOSE SCPDATA
NEXT
#OPEN SCPDATA SortP.dat
#CLOSE SCPDATA
NEXT
#OPEN SCPDATA SortP.dat
#CLOSE SCPDATA
NEXT
#OPEN SCPDATA SortP.dat
#CLOSE SCPDATA
NEXT
#OPEN SCPDATA SortP.dat
#CLOSE SCPDATA
NEXT
#OPEN SCPDATA SortP.dat
#CLOSE SCPDATA
NEXT
#OPEN SCPDATA SortP.dat
#CLOSE SCPDATA
NEXT
#OPEN SCPDATA SortP.dat
#CLOSE SCPDATA
NEXT
#OPEN SCPDATA SortP.dat
#CLOSE SCPDATA
NEXT
#OPEN SCPDATA SortP.dat
#CLOSE SCPDATA
END
#RELEASE PUNCH Parts.dat
#OPEN SCPDATA SortP.dat
#CLOSE SCPDATA
#RELEASE PUNCH logs/bfile.pch
#GENERALEDIT 23
LOCATE RECORDTYPE=101
TRANSFER TO OFFSET=6 FROM           -1                                                                                              
WRITE OVERWRITE=OVERWRITE
END
#GENERALEDIT 23
LOCATE RECORDTYPE=101
TRANSFER TO OFFSET=8 FROM            0                                                                                              
WRITE OVERWRITE=OVERWRITE
END
#GENERALEDIT 23
LOCATE RECORDTYPE=101
TRANSFER TO OFFSET=7 FROM            0                                                                                              
WRITE OVERWRITE=OVERWRITE
END
#GENERALEDIT 5
END
#GENERALEDIT 5
LOCATE RECORDTYPE=101
ERROR MESS=NO SIGN=NONE ACTI=CONT NAME=EDITERROR
TRANSFER TO OFFSET=15 FROM            3                                                                                             
NEXT
TRANSFER TO OFFSET=15 FROM            3                                                                                             
NEXT
TRANSFER TO OFFSET=15 FROM            3                                                                                             
NEXT
TRANSFER TO OFFSET=15 FROM            3                                                                                             
NEXT
TRANSFER TO OFFSET=15 FROM            3                                                                                             
NEXT
TRANSFER TO OFFSET=15 FROM            3                                                                                             
NEXT
TRANSFER TO OFFSET=15 FROM            3                                                                                             
NEXT
TRANSFER TO OFFSET=15 FROM            3                                                                                             
NEXT
TRANSFER TO OFFSET=15 FROM            3                                                                                             
NEXT
TRANSFER TO OFFSET=15 FROM            3                                                                                             
NEXT
TRANSFER TO OFFSET=15 FROM            3                                                                                             
WRITE OVERWRITE=NO
END
#RELEASE punch new16bit.pch
# #SCRIPT ZADDLI16
# #SCRIPT YADDLI16
#RELEASE PUNCH scplst16.dat
#PUNCH 16
END
#RELEASE PUNCH logs/bfile.pch
#OPEN SCPDATA scplst16.dat
#RELEASE SCPQUEUE scplst16a.dat
#OPEN SCPDATA new16bit.pch
#OPEN SCPDATA scplst16.dat
#RELEASE SCPQUEUE logs/bfile.spq
# #USE scplst16a.dat
#
# Punched on 25/10/19 at 11:40:04
#
#LIST     16
PLANAR F(1) F(2) F(4) F(5)
VIBRATION 0.0, 0.020000 = C(3) TO C(5)
REM   DELU   START (DO NOT REMOVE THIS LINE)
VIBR .0, 0.00200 = C(3) TO N(4)
VIBR .0, 0.00200 = C(3) TO C(5)
VIBR .0, 0.00500 = C(5) TO N(4)
VIBR .0, 0.00200 = C(5) TO N(6)
VIBR .0, 0.00200 = C(5) TO C(10)
VIBR .0, 0.00200 = C(5) TO C(11)
VIBR .0, 0.00500 = N(6) TO C(3)
VIBR .0, 0.00500 = C(10) TO C(3)
VIBR .0, 0.00500 = C(10) TO N(6)
VIBR .0, 0.00500 = C(11) TO C(3)
VIBR .0, 0.00500 = C(11) TO N(6)
VIBR .0, 0.00500 = C(11) TO C(10)
VIBR .0, 0.00200 = N(6) TO C(7)
VIBR .0, 0.00500 = C(7) TO C(5)
VIBR .0, 0.00200 = C(7) TO N(8)
VIBR .0, 0.00200 = C(7) TO C(9)
VIBR .0, 0.00500 = N(8) TO N(6)
VIBR .0, 0.00500 = C(9) TO N(6)
VIBR .0, 0.00500 = C(9) TO N(8)
VIBR .0, 0.00200 = C(10) TO C(11)
VIBR .0, 0.00500 = C(11) TO C(5)
VIBR .0, 0.00500 = C(10) TO C(5)
REM   DELU   END (DO NOT REMOVE THIS LINE)
REM   HREST   START (do not remove this line)
REM   HREST   END (do not remove this line)
END
# Remove space after hash to activate next line
# USE LAST
END
#LIST 12
BLOCK SCALE X'S  U'S
END
# #SCRIPT VALID12
#LIST 22
END
#PRINT 12
END
#DISK
RESET 5 62
END
#GENERALEDIT 12
END
# #SCRIPT XPUTINFO
#GENERALEDIT 39
LOCATE RECORDTYPE = 101
KEY OFFSET = 0 LENGTH = 1 MODE = CHARACTER
GROUP MODE = INTEGER
RECORD MODE = INTEGER
ERROR MESS=NO SIGN=NONE ACTI=CONT NAME=EDITERROR
SEARCH CHAR = INFO
CHANGE 0 CHAR CHAR = INFO
CHANGE 1 INTEGER INTEGER = 0
CHANGE 6 INTEGER INTEGER =    0
CHANGE 7 INTEGER INTEGER =      4
CHANGE 9 INTEGER INTEGER =    0
WRITE OVERWRITE=OVERWRITE
LOCATE RECORDTYPE = 102
KEY OFFSET = 0 LENGTH = 1 MODE = CHARACTER
GROUP MODE = REAL
RECORD MODE = REAL
ERROR MESS=NO SIGN=NONE ACTI=CONT NAME=EDITERROR
INSERT
CHANGE 0 CHAR CHAR = INFO
CHANGE 1 REAL REAL = 0.0
END
# #SCRIPT XREFINE
# #SCRIPT SFLS39
#GENERALEDIT 39
LOCATE RECORDTYPE = 102
KEY OFFSET = 0 LENGTH = 1 MODE = CHARACTER
GROUP MODE = INTEGER
RECORD MODE = INTEGER
ERROR MESS=NO SIGN=NONE ACTI=CONT NAME=EDITERROR
TOP
END
#GENERALEDIT 39
LOCATE RECORDTYPE = 101
KEY OFFSET = 0 LENGTH = 1 MODE = CHARACTER
GROUP MODE = INTEGER
RECORD MODE = INTEGER
ERROR MESS=NO SIGN=NONE ACTI=CONT NAME=EDITERROR
TOP
NEXT
END
# #SCRIPT RFACTOR
#GENERALEDIT 5
LOCATE RECORDTYPE = 102
END
#GENERALEDIT 6
LOCATE RECORDTYPE=106
LOCATE RECORDTYPE=107
NEXT
NEXT
NEXT
NEXT
NEXT
END
# #SCRIPT XGETINFO
#GENERALEDIT 39
LOCATE RECORDTYPE = 101
ERROR MESS=NO SIGN=NONE ACTI=CONT NAME=EDITERROR
NEXT
END
# #SCRIPT XDELQ
#EDIT
MONITOR OFF
SELECT TYPE NE Q
SELECT TYPE NE QC
SELECT TYPE NE QH
SELECT TYPE NE QN
SELECT TYPE NE R
SELECT TYPE NE M
SELECT TYPE NE L
EXEC
END
#LIST 22
END
#SFLS
REFINE
END
#GENERALEDIT 11
LOCATE RECORDTYPE=103
END
# #SCRIPT SFLSCONVERGE
#GENERALEDIT 39
LOCATE RECORDTYPE = 102
KEY OFFSET = 0 LENGTH = 1 MODE = CHARACTER
GROUP MODE = INTEGER
RECORD MODE = INTEGER
ERROR MESS=NO SIGN=NONE ACTI=CONT NAME=EDITERROR
TOP
END
#SFLS
REFINE
END
#GENERALEDIT 11
LOCATE RECORDTYPE=103
END
# #SCRIPT SFLSCONVERGE
#GENERALEDIT 39
LOCATE RECORDTYPE = 102
KEY OFFSET = 0 LENGTH = 1 MODE = CHARACTER
GROUP MODE = INTEGER
RECORD MODE = INTEGER
ERROR MESS=NO SIGN=NONE ACTI=CONT NAME=EDITERROR
TOP
END
#SFLS
REFINE
END
#GENERALEDIT 11
LOCATE RECORDTYPE=103
END
# #SCRIPT SFLSCONVERGE
#GENERALEDIT 39
LOCATE RECORDTYPE = 102
KEY OFFSET = 0 LENGTH = 1 MODE = CHARACTER
GROUP MODE = INTEGER
RECORD MODE = INTEGER
ERROR MESS=NO SIGN=NONE ACTI=CONT NAME=EDITERROR
TOP
END
#SFLS
REFINE
END
#GENERALEDIT 11
LOCATE RECORDTYPE=103
END
# #SCRIPT SFLSCONVERGE
#GENERALEDIT 39
LOCATE RECORDTYPE = 102
KEY OFFSET = 0 LENGTH = 1 MODE = CHARACTER
GROUP MODE = INTEGER
RECORD MODE = INTEGER
ERROR MESS=NO SIGN=NONE ACTI=CONT NAME=EDITERROR
TOP
END
#SFLS
REFINE
END
#GENERALEDIT 11
LOCATE RECORDTYPE=103
END
# #SCRIPT SFLSCONVERGE
#GENERALEDIT 39
LOCATE RECORDTYPE = 102
KEY OFFSET = 0 LENGTH = 1 MODE = CHARACTER
GROUP MODE = INTEGER
RECORD MODE = INTEGER
ERROR MESS=NO SIGN=NONE ACTI=CONT NAME=EDITERROR
TOP
END
# #SCRIPT RFACTOR
#GENERALEDIT 5
LOCATE RECORDTYPE = 102
END
#GENERALEDIT 6
LOCATE RECORDTYPE=106
LOCATE RECORDTYPE=107
NEXT
NEXT
NEXT
NEXT
NEXT
END
# #SCRIPT XGUIDE
# #SCRIPT XGUIDER
# #SCRIPT XGETWZ
#GENERALEDIT 13
LOCATE RECORDTYPE=103
LOCATE RECORDTYPE=102
END
#GENERALEDIT 29
LOCATE RECORDTYPE=101
ERROR MESS=NO SIGN=NONE ACTI=CONT NAME=EDITERROR
NEXT
NEXT
NEXT
END
# #SCRIPT CHECK29
#GENERALEDIT 29
LOCATE RECORDTYPE=101
ERROR MESS=NO SIGN=NONE ACTI=CONT NAME=EDITERROR
NEXT
NEXT
END
# #SCRIPT XGETINFO
#GENERALEDIT 39
LOCATE RECORDTYPE = 101
ERROR MESS=NO SIGN=NONE ACTI=CONT NAME=EDITERROR
NEXT
END
# #SCRIPT ASSESS5
#GENERALEDIT 5
LOCATE RECORDTYPE=101
ERROR MESSAGE=NO SIGNAL=NONE ACTION=CONTING NAME=EDITERROR
TOP
LOCATE RECORDTYPE=102
TOP
LOCATE RECORDTYPE=101
ERROR MESSAGE=NO SIGNAL=NONE ACTION=CONTING NAME=EDITERROR
TOP
NEXT
NEXT
NEXT
NEXT
NEXT
NEXT
NEXT
NEXT
NEXT
NEXT
END
# #SCRIPT RFACTOR
#GENERALEDIT 5
LOCATE RECORDTYPE = 102
END
#GENERALEDIT 6
LOCATE RECORDTYPE=106
LOCATE RECORDTYPE=107
NEXT
NEXT
NEXT
NEXT
NEXT
END
DIRECT
#END
