 Volume in drive C has no label.
 Volume Serial Number is 6629-1381

 Directory of C:\crystals-docs\newdocs\b\html\_images

15/08/2019  11:16 am               822              ed12.bmp
15/08/2019  11:16 am               822              ed16.bmp
15/08/2019  11:16 am               822              ed5.bmp
15/08/2019  11:16 am               774              mercury.bmp
15/08/2019  11:16 am             1,078              notepad.bmp
15/08/2019  11:16 am               822              refine.bmp
15/08/2019  11:16 am               774              tl_delh.bmp
15/08/2019  11:16 am               774              tl_delq.bmp
15/08/2019  11:16 am               774              tl_perh.bmp
15/08/2019  11:16 am               774 TOOL_G~1.BMP tool_guid.bmp
15/08/2019  11:16 am             1,080 TOOL_N~1.BMP tool_norm.bmp
15/08/2019  11:16 am               774              toolcam.bmp
15/08/2019  11:16 am               774              toolfour.bmp
15/08/2019  11:16 am               822              undo.bmp
              14 File(s)         11,686 bytes

 Directory of C:\crystals-docs\newdocs\b\Latex

15/08/2019  11:16 am               822              ed12.bmp
15/08/2019  11:16 am               822              ed16.bmp
15/08/2019  11:16 am               822              ed5.bmp
15/08/2019  11:16 am               774              mercury.bmp
15/08/2019  11:16 am             1,078              notepad.bmp
15/08/2019  11:16 am               822              refine.bmp
15/08/2019  11:16 am               774              tl_delh.bmp
15/08/2019  11:16 am               774              tl_delq.bmp
15/08/2019  11:16 am               774              tl_perh.bmp
15/08/2019  11:16 am               774 TOOL_G~1.BMP tool_guid.bmp
15/08/2019  11:16 am             1,080 TOOL_N~1.BMP tool_norm.bmp
15/08/2019  11:16 am               774              toolcam.bmp
15/08/2019  11:16 am               774              toolfour.bmp
15/08/2019  11:16 am               822              undo.bmp
              14 File(s)         11,686 bytes

 Directory of C:\crystals-docs\newdocs\chapter-1\images

15/08/2019  11:16 am               822              ed12.bmp
15/08/2019  11:16 am               822              ed16.bmp
15/08/2019  11:16 am               822              ed5.bmp
15/08/2019  11:16 am               774              mercury.bmp
15/08/2019  11:16 am             1,078              notepad.bmp
15/08/2019  11:16 am               822              refine.bmp
15/08/2019  11:16 am               774              tl_delh.bmp
15/08/2019  11:16 am               774              tl_delq.bmp
15/08/2019  11:16 am               774              tl_perh.bmp
15/08/2019  11:16 am               774              tool_adp.bmp
15/08/2019  11:16 am               774 TOOL_B~1.BMP tool_ball.bmp
15/08/2019  11:16 am               774 TOOL_G~1.BMP tool_guid.bmp
15/08/2019  11:16 am             1,078 TOOL_H~1.BMP tool_help.bmp
15/08/2019  11:16 am             1,078 TOOL_N~1.BMP tool_norm.bmp
15/08/2019  11:16 am             1,078              tool_opt.bmp
15/08/2019  11:16 am               774 TOOL_P~1.BMP tool_poly.bmp
15/08/2019  11:16 am               774 TOOL_R~1.BMP tool_rect.bmp
15/08/2019  11:16 am             1,078              tool_rot.bmp
15/08/2019  11:16 am               774 TOOL_S~1.BMP tool_showh.bmp
15/08/2019  11:16 am               774 TOOL_U~1.BMP tool_unsl.bmp
15/08/2019  11:16 am             1,078 TOOL_Z~1.BMP tool_zoom.bmp
15/08/2019  11:16 am               774              toolcam.bmp
15/08/2019  11:16 am               774              toolfour.bmp
15/08/2019  11:16 am               822              undo.bmp
              24 File(s)         20,640 bytes

 Directory of C:\crystals-docs\newdocs\chapter-2\images

15/08/2019  11:16 am               822              ed12.bmp
15/08/2019  11:16 am               822              ed16.bmp
15/08/2019  11:16 am               822              ed5.bmp
15/08/2019  11:16 am               774              mercury.bmp
15/08/2019  11:16 am             1,078              notepad.bmp
15/08/2019  11:16 am               822              refine.bmp
15/08/2019  11:16 am               774              tl_delh.bmp
15/08/2019  11:16 am               774              tl_delq.bmp
15/08/2019  11:16 am               774              tl_perh.bmp
15/08/2019  11:16 am               774 TOOL_G~1.BMP tool_guid.bmp
15/08/2019  11:16 am             1,080 TOOL_N~1.BMP tool_norm.bmp
15/08/2019  11:16 am             1,080 TOOL_Z~1.BMP tool_zoom.bmp
15/08/2019  11:16 am               774              toolcam.bmp
15/08/2019  11:16 am               774              toolfour.bmp
15/08/2019  11:16 am               822              undo.bmp
              15 File(s)         12,766 bytes

 Directory of C:\crystals-docs\newdocs\chapter-2\temp-files&folders\old-images

15/08/2019  11:16 am               774              tool_adp.bmp
15/08/2019  11:16 am               774 TOOL_B~1.BMP tool_ball.bmp
15/08/2019  11:16 am             1,078 TOOL_H~1.BMP tool_help.bmp
15/08/2019  11:16 am             1,078              tool_opt.bmp
15/08/2019  11:16 am               774 TOOL_P~1.BMP tool_poly.bmp
15/08/2019  11:16 am               774 TOOL_R~1.BMP tool_rect.bmp
15/08/2019  11:16 am             1,078              tool_rot.bmp
15/08/2019  11:16 am               774 TOOL_S~1.BMP tool_showh.bmp
15/08/2019  11:16 am               774 TOOL_U~1.BMP tool_unsl.bmp
15/08/2019  11:16 am             1,078 TOOL_Z~1.BMP tool_zoom.bmp
              10 File(s)          8,956 bytes

 Directory of C:\crystals-docs\newdocs\crystals\images

15/08/2019  11:16 am               822              ed12.bmp
15/08/2019  11:16 am               822              ed16.bmp
15/08/2019  11:16 am               822              ed5.bmp
15/08/2019  11:16 am               774              mercury.bmp
15/08/2019  11:16 am             1,078              notepad.bmp
15/08/2019  11:16 am               822              refine.bmp
15/08/2019  11:16 am               774              tl_delh.bmp
15/08/2019  11:16 am               774              tl_delq.bmp
15/08/2019  11:16 am               774              tl_perh.bmp
15/08/2019  11:16 am               774              tool_adp.bmp
15/08/2019  11:16 am               774 TOOL_B~1.BMP tool_ball.bmp
15/08/2019  11:16 am               774 TOOL_G~1.BMP tool_guid.bmp
15/08/2019  11:16 am             1,078 TOOL_H~1.BMP tool_help.bmp
15/08/2019  11:16 am             1,078 TOOL_N~1.BMP tool_norm.bmp
15/08/2019  11:16 am             1,078              tool_opt.bmp
15/08/2019  11:16 am               774 TOOL_P~1.BMP tool_poly.bmp
15/08/2019  11:16 am               774 TOOL_R~1.BMP tool_rect.bmp
15/08/2019  11:16 am             1,078              tool_rot.bmp
15/08/2019  11:16 am               774 TOOL_S~1.BMP tool_showh.bmp
15/08/2019  11:16 am               774 TOOL_U~1.BMP tool_unsl.bmp
15/08/2019  11:16 am             1,078 TOOL_Z~1.BMP tool_zoom.bmp
15/08/2019  11:16 am               774              toolcam.bmp
15/08/2019  11:16 am               774              toolfour.bmp
15/08/2019  11:16 am               822              undo.bmp
              24 File(s)         20,640 bytes

     Total Files Listed:
             101 File(s)         86,374 bytes
               0 Dir(s)  104,043,003,904 bytes free
