cameron.rst                               324    .. index:: Cameron - How to get started
cameron.rst                               383    .. index:: Cameron - Data Input
cameron.rst                               454    .. index:: Cameron - Data output
cameron.rst                               507    .. index:: Cameron - Editing the atom list
cameron.rst                               554    .. index:: Cameron - OBEY files
cameron.rst                               585    .. index:: Cameron - Archiving and retrieving views
cameron.rst                               642    .. index:: Cameron - Output devies
cameron.rst                               730    .. index:: Cameron - View direction control
cameron.rst                               1159   .. index:: Cameron - Include and Exclude
cameron.rst                               1194   .. index:: Cameron - Include and Exclude All
cameron.rst                               1210   .. index:: Cameron - Include and Exclude Group
cameron.rst                               1225   .. index:: Cameron - Include and Exclude Fragment
cameron.rst                               1242   .. index:: Cameron - Include and Exclude Cell
cameron.rst                               1255   .. index:: Cameron - Include and Exclude Area
cameron.rst                               1271   .. index:: Cameron - Include and Exclude Select
cameron.rst                               1290   .. index:: Cameron - Mask and Unmask
cameron.rst                               1320   .. index:: Cameron - Include and Exclude Switch
cameron.rst                               1345   .. index:: Cameron - Include and Exclude Dummy
cameron.rst                               1391   .. index:: Cameron - Include and Exclude Centroid
cameron.rst                               1452   .. index:: Cameron - Style control
cameron.rst                               1696   .. index:: Cameron - Connectivity control
cameron.rst                               2134   .. index:: Cameron - Colour control
cameron.rst                               2412   .. index:: Cameron - Labelling atoms
cameron.rst                               2554   .. index:: Cameron - Misc picture control
cameron.rst                               2619   .. index:: Cameron - Symmetry Input
cameron.rst                               2872   .. index:: Cameron - Packing commands
cameron.rst                               3376   .. index:: Cameron - Add and Move
cameron.rst                               3631   .. index:: Cameron - Distance and Angle Calculations
cameron.rst                               3749   .. index:: Cameron - Information on data (meta data)
cameron.rst                               3811   .. index:: Cameron - Group definitions
cameron.rst                               3918   .. index:: Cameron - Miscellaneous commands
cameron.rst                               4000   .. index:: Cameron - How to stop the program
cameron.rst                               4030   .. index:: Cameron - Some useful ideas
chapter-1\about.rst                       28     .. index::About CRYSTALS
chapter-1\about.rst                       56     .. index:: Demonstration Video
chapter-1\examples.rst                    13     .. index:: Worked Examples
chapter-1\examples.rst                    31     .. index:: Cyclo
chapter-1\examples.rst                    483    .. index:: Tetraphenylene
chapter-1\examples.rst                    716    .. index:: COMMAND mode example
chapter-1\gettingstarted.rst              27     .. index:: Getting Started
chapter-2\atoms.rst                       8      .. index:: Atom Identifiers and Parameters
chapter-2\commandline.rst                 9      .. index:: The Command Line
chapter-2\commandline.rst                 21     .. index:: Command Line
chapter-2\commandline.rst                 42     .. index:: Command syntax
chapter-2\commandline.rst                 44     .. index:: Syntax of Commands
chapter-2\commandline.rst                 144    .. index:: Command types
chapter-2\commandline.rst                 146    .. index:: Types of Commands
chapter-2\commandline.rst                 152    .. index:: Types of Lists
chapter-2\commandline.rst                 223    .. index:: Immediate Commands
chapter-2\commandline.rst                 225    .. index:: Set (something)
chapter-2\commandline.rst                 240    .. index:: The CRYSINIT File
chapter-2\commandline.rst                 241    .. index:: Tailoring the Program
chapter-2\commandline.rst                 336    .. index:: File Operations
chapter-2\commandline.rst                 349    .. index:: Device Names
chapter-2\commandline.rst                 678    .. index:: List Operations
chapter-2\f-and-f.rst                     14     .. index:: Organising your data
chapter-2\f-and-f.rst                     16     .. index:: Files and Folders
chapter-2\history.rst                     9      .. index:: History of CRYSTALS
chapter-2\menus.rst                       42     .. index:: GUI menus
chapter-2\menus.rst                       49     .. index:: Files
chapter-2\menus.rst                       67     .. index:: New Working Folder
chapter-2\menus.rst                       69     .. index:: Folders
chapter-2\menus.rst                       82     .. index:: Open dsc File
chapter-2\menus.rst                       84     .. index:: Open a CRYSTALS database
chapter-2\menus.rst                       98     .. index:: Save the dsc File
chapter-2\menus.rst                       118    .. index:: USE files
chapter-2\menus.rst                       120    .. index:: Run a CRYSTALS Instruction File
chapter-2\menus.rst                       142    .. index:: Importing Basic Data
chapter-2\menus.rst                       144    .. index:: Basic Data
chapter-2\menus.rst                       180    .. index:: Open Files Menu
chapter-2\menus.rst                       192    .. index:: Open the File Import Guide Menu
chapter-2\menus.rst                       200    .. index:: Diffractometer cif Files Menu
chapter-2\menus.rst                       217    .. index:: shelx cif
chapter-2\menus.rst                       219    .. index:: Shelx cif Files Menu
chapter-2\menus.rst                       247    .. index:: Data Files Menu
chapter-2\menus.rst                       261    .. index:: SHELX ins or ref Files Menu
chapter-2\menus.rst                       280    .. index:: HKLF4 Files Menu
chapter-2\menus.rst                       292    .. index:: HKLF5 Files Menu
chapter-2\menus.rst                       294    .. index:: Twinned Data
chapter-2\menus.rst                       312    .. index:: CSD cif files Menu
chapter-2\menus.rst                       314    .. index:: Cambridge Data Base cif files
chapter-2\menus.rst                       356    .. index:: Exporting Plain Test files Menu
chapter-2\menus.rst                       369    .. index:: View Reflections Menu
chapter-2\menus.rst                       378    .. index:: Filter Reflections Menu
chapter-2\menus.rst                       407    .. index:: Edit Scattering Factors Menu
chapter-2\menus.rst                       417    .. index:: Edit cif Goodies Menu
chapter-2\menus.rst                       429    .. index:: Old Diffractometer Files Menu
chapter-2\menus.rst                       440    .. index:: CAD data Processing Menu
chapter-2\menus.rst                       460    .. index:: Structure Solution Menu
chapter-2\menus.rst                       493    .. index:: Tangent Recycling Menu
chapter-2\menus.rst                       521    .. index:: Modifying the Structural Model Menus
chapter-2\menus.rst                       571    .. index:: Revert: Revert to Earlier Models
chapter-2\menus.rst                       575    .. index:: Undo: Revert to Earlier Models
chapter-2\menus.rst                       594    .. index:: Input Structural Models
chapter-2\menus.rst                       604    .. index:: Input Atoms From Other Programs:
chapter-2\menus.rst                       612    .. index:: Input a model from CAMERON
chapter-2\menus.rst                       622    .. index:: Input from Various Direct Method solutions:
chapter-2\menus.rst                       633    .. index:: Edit Coordinates
chapter-2\menus.rst                       649    .. index:: Invert the Structure
chapter-2\menus.rst                       663    .. index:: Collect Atoms by Symmetry
chapter-2\menus.rst                       676    .. index:: Centre Molecules in the Unit Cell
chapter-2\menus.rst                       688    .. index:: Centre Molecules in the Unit Cell (alternative method)
chapter-2\menus.rst                       702    .. index:: Change Atom Types
chapter-2\menus.rst                       713    .. index:: Renumber Atoms
chapter-2\menus.rst                       729    .. index:: Re-sequence Atoms
chapter-2\menus.rst                       731    .. index:: Sequence Atoms
chapter-2\menus.rst                       747    .. index:: Fix Atom Name Clashes
chapter-2\menus.rst                       749    .. index:: Atom Name Clashes
chapter-2\menus.rst                       764    .. index:: Residue Numbers
chapter-2\menus.rst                       791    .. index:: Part Numbers
chapter-2\menus.rst                       844    .. index:: Distance Calculations
chapter-2\menus.rst                       854    .. index:: Add and Remove Bonds
chapter-2\menus.rst                       856    .. index:: Bonds (adding and removing)
chapter-2\menus.rst                       920    .. index:: Hydrogen Atoms
chapter-2\menus.rst                       1043   .. index:: Hydrogen Restraints
chapter-2\menus.rst                       1058   .. index:: Hydrogen Constraints:
chapter-2\menus.rst                       1072   .. index:: "Q" Peaks
chapter-2\menus.rst                       1108   .. index:: Fourier Maps
chapter-2\menus.rst                       1194   .. index:: Refinement Menu
chapter-2\menus.rst                       1203   .. index:: Refinement Menu
chapter-2\menus.rst                       1263   .. index:: Refinement Directives and Constraints
chapter-2\menus.rst                       1325   .. index:: Partial Shift Factor
chapter-2\menus.rst                       1359   .. index:: F or Fsq refinement
chapter-2\menus.rst                       1372   .. index:: Special Positions, snapping to
chapter-2\menus.rst                       1374   .. index:: Snapping to special positions
chapter-2\menus.rst                       1383   .. index:: Choosing reflection weights
chapter-2\menus.rst                       1385   .. index:: Weighting schemes
chapter-2\menus.rst                       1429   .. index:: Filter Reflections
chapter-2\menus.rst                       1459   .. index:: Add Shift Limiting Restraints
chapter-2\menus.rst                       1502   .. index:: Add Vibration Restraints
chapter-2\menus.rst                       1519   .. index:: Add 1-2, 1-3 Thermal Similarity Restraints
chapter-2\menus.rst                       1535   .. index:: Calculate Scale Factor
chapter-2\menus.rst                       1547   .. index:: Recalculate Phases
chapter-2\menus.rst                       1559   .. index:: PLATON Squeeze
chapter-2\menus.rst                       1577   ..index:: Anomalous Modified Squeeze
chapter-2\menus.rst                       1596   .. index:: Analyse
chapter-2\menus.rst                       1642   .. index:: Fo vs Fc Graph
chapter-2\menus.rst                       1661   .. index:: Difabs Analysis
chapter-2\menus.rst                       1692   .. index::  Wilson Plot
chapter-2\menus.rst                       1716   .. index:: Variance of Reflections
chapter-2\menus.rst                       1732   .. index:: Weight vs Sigma
chapter-2\menus.rst                       1746   .. index:: Multiplicity of Observation
chapter-2\menus.rst                       1758   .. index:: Tabbed Initial Analysis
chapter-2\menus.rst                       1775   .. index:: Absolute Configuration
chapter-2\menus.rst                       1789   .. index:: Likely H-bonds
chapter-2\menus.rst                       1846   .. index:: Publication Checks
chapter-2\menus.rst                       1976   .. index:: Export archive files
chapter-2\menus.rst                       2021   .. index:: Graphics
chapter-2\menus.rst                       2308   .. index::  Tools Help
chapter-2\model-window.rst                31     .. index:: The Model Window
chapter-2\model-window.rst                67     .. index:: GUI Right Click in Background
chapter-2\model-window.rst                69     .. index:: Right Click in Background
chapter-2\model-window.rst                109    .. index:: Right Click Atom
chapter-2\model-window.rst                111    .. index:: GUI Right Click Atom
chapter-2\model-window.rst                282    .. index:: Right Click Pair
chapter-2\model-window.rst                284    .. index:: GUI Right Click Pair
chapter-2\model-window.rst                389    .. index:: Right Click Selection
chapter-2\model-window.rst                391    .. index:: GUI Right Click Selection
chapter-2\model-window.rst                456    .. index:: Right Click Bond
chapter-2\model-window.rst                458    .. index:: GUI Right Click Bond
chapter-2\understanding.rst               14     .. index:: Need to Know
chapter-2\understanding.rst               37     .. index:: Database, Structure
chapter-2\understanding.rst               52     .. index:: Files, I/O
chapter-2\understanding.rst               109    .. index:: LISTs, Data
chapter-2\understanding.rst               129    .. index:: Atom Name Syntax
chapter-2\understanding.rst               131    .. index:: Atom Identifiers
chapter-2\understanding.rst               163    .. index:: Reflections
chapter-2\understanding.rst               180    .. index:: Commands
chapter-2\understanding.rst               194    .. index:: Help
chapter-2\understanding.rst               215    .. index:: Command File
chapter-2\understanding.rst               283    .. index:: Organisisng Your Data
chapter-2\understanding.rst               284    .. index:: Screen Layout
chapter-2\understanding.rst               285    .. index:: GUI Overview
chapter-2\understanding.rst               286    .. index:: Main Toolbar
chapter-2\understanding.rst               484    .. index:: Customising CRYSTALS
chapter-2\understanding.rst               505    .. index:: Using the Guide
chapter-2\understanding.rst               515    .. index:: Using Menus
chapter-2\understanding.rst               532    .. index:: About SCRIPTS
chapter-2\understanding.rst               583    .. index:: Getting out of SCRIPTS
chapter-2\understanding.rst               622    .. index:: Inputting Data
chapter-2\understanding.rst               623    .. index:: Atom Names in SHELX
chapter-2\understanding.rst               624    .. index:: Site Occupancy
chapter-2\understanding.rst               703    .. index:: Managing the database
chapter-2\understanding.rst               735    .. index:: DISK Index
chapter-2\understanding.rst               756    .. index:: Recovering lists
chapter-2\understanding.rst               787    .. index:: Purging the Disk
chapter-3\commands.rst                    10     .. index:: Command Line Overview
chapter-3\commands.rst                    58     .. index:: Basic Data Input
chapter-3\commands.rst                    83     .. index:: QUICKSTART
chapter-3\commands.rst                    239    .. index:: LIST 1
chapter-3\commands.rst                    242    .. index:: Cell parameters
chapter-3\commands.rst                    286    .. index:: Cell errors
chapter-3\commands.rst                    289    .. index:: List 31
chapter-3\commands.rst                    349    .. index:: Space group input
chapter-3\commands.rst                    352    .. index:: SPACEGROUP
chapter-3\commands.rst                    477    .. index:: LIST 2
chapter-3\commands.rst                    480    .. index:: Symmetry data
chapter-3\commands.rst                    673    .. index:: Molecular composition
chapter-3\commands.rst                    676    .. index:: COMPOSITION
chapter-3\commands.rst                    745    .. index:: LIST 3
chapter-3\commands.rst                    748    .. index:: Scattering factors
chapter-3\commands.rst                    844    .. index:: LIST 13
chapter-3\commands.rst                    847    .. index:: Experimental details
chapter-3\commands.rst                    950    .. index:: LIST 29
chapter-3\commands.rst                    953    .. index:: Element properties
chapter-3\commands.rst                    1057   .. index:: LIST 30
chapter-3\commands.rst                    1060   .. index:: General crystallographic data
chapter-3\commands.rst                    1381   .. index:: \Peaks
chapter-3\commands.rst                    1394   .. index:: \Collect
chapter-3\commands.rst                    1395   .. index:: \Regroup
chapter-3\commands.rst                    1432   .. index:: \Edit
chapter-3\commands.rst                    1466   .. index:: Geometry - Model Building
chapter-3\commands.rst                    1746   .. index:: Geometry Calculations
chapter-3\fourier.rst                     7      .. index:: Fourier routines
chapter-3\fourier.rst                     36     .. index:: 3d-contour
crystals\analysis.rst                     47     .. index:: ANALYSE
crystals\analysis.rst                     50     .. index:: Residual analysis
crystals\analysis.rst                     96     .. index:: ESD
crystals\analysis.rst                     99     .. index:: Create esd list, LIST 9
crystals\analysis.rst                     124    .. index:: VCV
crystals\analysis.rst                     127    .. index:: Output VcV matrix of selected atoms
crystals\analysis.rst                     153    .. index:: DISTANCES
crystals\analysis.rst                     156    .. index:: Distance calculations
crystals\analysis.rst                     159    .. index:: Angle calculations
crystals\analysis.rst                     785    .. index:: VOIDS
crystals\analysis.rst                     788    .. index:: Locating voids in the model
crystals\analysis.rst                     887    .. index:: GEOMETRY
crystals\analysis.rst                     890    .. index:: Best lines and planes
crystals\analysis.rst                     893    .. index:: Planes
crystals\analysis.rst                     896    .. index:: Lines
crystals\analysis.rst                     899    .. index:: Inertial Tensor
crystals\analysis.rst                     902    .. index:: Centre of Gravity
crystals\analysis.rst                     905    .. index:: Librational tensor
crystals\analysis.rst                     908    .. index:: Analysis of thermal displacement parameters
crystals\analysis.rst                     911    .. index:: Principal atomic displacement directions
crystals\analysis.rst                     1490   .. index:: TORSION
crystals\analysis.rst                     1493   .. index:: Torsion angles
crystals\analysis.rst                     1628   .. index:: TON
crystals\analysis.rst                     1631   .. index:: Hooft-Straver-Spek
crystals\analysis.rst                     1685   .. index:: PARAMETERS
crystals\analysis.rst                     1688   .. index:: Publication tables of atomic parameters
crystals\analysis.rst                     2222   .. index:: REFLECTIONS
crystals\analysis.rst                     2225   .. index:: Publication tables of reflection data
crystals\analysis.rst                     2394   .. index:: SUMMARY
crystals\analysis.rst                     2397   .. index:: Summary of data
crystals\analysis.rst                     2477   .. index:: TONSPEK
crystals\analysis.rst                     2480   .. index:: Estimation of Absolute configuration
crystals\analysis.rst                     2637   .. index:: CIF
crystals\analysis.rst                     2770   .. index:: ADDARC
crystals\analysis.rst                     2804   .. index:: CAMERON
crystals\fourier.rst                      18     .. index:: Fourier routines
crystals\fourier.rst                      46     .. index:: LIST 14
crystals\fourier.rst                      49     .. index:: Fourier limits
crystals\fourier.rst                      298    .. index:: FLIMIT
crystals\fourier.rst                      301    .. index:: Conpute Fourier limits
crystals\fourier.rst                      368    .. index:: FOURIER
crystals\fourier.rst                      967    .. index:: LIST 10
crystals\fourier.rst                      970    .. index:: Peaks list
crystals\fourier.rst                      1036   .. index:: PEAKS
crystals\fourier.rst                      1310   .. index:: SLANT
crystals\fourier.rst                      1313   .. index:: Slant Fourier calculation
crystals\initial.rst                      49     .. index:: QUICKSTART
crystals\initial.rst                      52     .. index:: Getting started
crystals\initial.rst                      286    .. index:: LIST 1
crystals\initial.rst                      289    .. index:: Cell parameters
crystals\initial.rst                      423    .. index:: Cell errors
crystals\initial.rst                      426    .. index:: List 31
crystals\initial.rst                      550    .. index:: Space group input
crystals\initial.rst                      553    .. index:: SPACEGROUP
crystals\initial.rst                      734    .. index:: LIST 2
crystals\initial.rst                      737    .. index:: Symmetry data
crystals\initial.rst                      1022   .. index:: Molecular composition
crystals\initial.rst                      1025   .. index:: COMPOSITION
crystals\initial.rst                      1133   .. index:: LIST 3
crystals\initial.rst                      1136   .. index:: Scattering factors
crystals\initial.rst                      1295   .. index:: LIST 13
crystals\initial.rst                      1298   .. index:: Experimental details
crystals\initial.rst                      1750   .. index:: LIST 18
crystals\initial.rst                      1753   .. index:: Structural Formula as a SMILES string
crystals\initial.rst                      1851   .. index:: LIST 29
crystals\initial.rst                      1854   .. index:: Element properties
crystals\initial.rst                      2033   .. index:: LIST 30
crystals\initial.rst                      2036   .. index:: General crystallographic data
crystals\intro.rst                        13     .. index:: Command syntax
crystals\intro.rst                        16     .. index:: Syntax
crystals\intro.rst                        139    .. index:: Command types
crystals\intro.rst                        249    .. index:: Immediate commands
crystals\intro.rst                        1001   .. index:: Errors
crystals\intro.rst                        1004   .. index:: Warnings
crystals\intro.rst                        1213   .. index:: Disk
crystals\intro.rst                        1216   .. index:: Retreiving old data lists
crystals\intro.rst                        1547   .. index:: Extending the Disk
crystals\intro.rst                        1734   .. index:: Purge
crystals\intro.rst                        1737   .. index:: Shrinking the contents of a dsc file
crystals\intro.rst                        1850   .. index:: Lists overview
crystals\intro.rst                        1933   .. index:: Summary
crystals\intro.rst                        2041   .. index:: Atom name syntax
crystals\intro.rst                        2043   .. index:: Element name syntax
crystals\intro.rst                        2173   .. index:: External program links
crystals\matrix.rst                       18     .. index:: Matrix Calculator
crystals\obsolete.rst                     14     .. index:: Obsolete commands
crystals\obsolete.rst                     42     .. index:: MOLAX
crystals\obsolete.rst                     45     .. index:: Best lines and planes
crystals\obsolete.rst                     339    .. index:: ANISO
crystals\obsolete.rst                     342    .. index:: Analysis of thermal displacement parameters
crystals\obsolete.rst                     646    .. index:: AXES
crystals\obsolete.rst                     649    .. index:: Principal atomic displacement directions
crystals\parameters.rst                   9      .. index:: Atom name syntax
crystals\parameters.rst                   873    .. index:: LIST 5
crystals\parameters.rst                   876    .. index:: Input of atoms and other parameters
crystals\parameters.rst                   1359   .. index:: EDIT
crystals\parameters.rst                   1362   .. index:: Editing structural parameters
crystals\parameters.rst                   2371   .. index:: REGROUP
crystals\parameters.rst                   2374   .. index:: Reorganising atoms and peaks
crystals\parameters.rst                   2599   .. index:: COLLECT
crystals\parameters.rst                   2602   .. index:: Repositioning atoms and peaks
crystals\parameters.rst                   2750   .. index:: ORIGIN
crystals\parameters.rst                   2753   .. index:: Shifting the molecule to a permitted alternative origin
crystals\parameters.rst                   2857   .. index:: CONVERT
crystals\parameters.rst                   2860   .. index:: Converting B[ij's] to U[ij's]
crystals\parameters.rst                   2958   .. index:: Hydrogen placement
crystals\parameters.rst                   2961   .. index:: HYDROGENS
crystals\parameters.rst                   3262   .. index:: Hydrogen placement - automatic
crystals\parameters.rst                   3265   .. index:: PERHYDRO
crystals\parameters.rst                   3452   .. index:: HNAME
crystals\parameters.rst                   3455   .. index:: Hydrogen - automatic renumbering
crystals\parameters.rst                   3487   .. index:: REGULARISE
crystals\parameters.rst                   3490   .. index:: Regularisation of atomic groups
crystals\parameters.rst                   4180   .. index:: MATCH
crystals\parameters.rst                   4182   .. index:: Map two atomic groups together
crystals\parameters.rst                   4459   .. index:: BONDCALC
crystals\parameters.rst                   4462   .. index:: Calculation of interatomic bonds
crystals\parameters.rst                   4526   .. index:: LIST 40
crystals\parameters.rst                   4759   .. index:: BONDING
crystals\reflectiondata.rst               50     .. index:: Reflection data format
crystals\reflectiondata.rst               186    .. index:: LIST 6
crystals\reflectiondata.rst               189    .. index:: F or Fsq data
crystals\reflectiondata.rst               289    .. index:: COPY 6 7
crystals\reflectiondata.rst               292    .. index:: Copy List 6 to 7
crystals\reflectiondata.rst               366    .. index:: Output of reflection data
crystals\reflectiondata.rst               410    .. index:: Reflection data input - advanced
crystals\reflectiondata.rst               1607   .. index:: LIST 27
crystals\reflectiondata.rst               1610   .. index:: Intensity decay curves
crystals\reflectiondata.rst               1767   .. index:: LP
crystals\reflectiondata.rst               1770   .. index:: Data reduction
crystals\reflectiondata.rst               1869   .. index:: SYSTEMATIC
crystals\reflectiondata.rst               1872   .. index:: Removing systematic absences
crystals\reflectiondata.rst               2045   .. index:: Sorting reflection data
crystals\reflectiondata.rst               2135   .. index:: Merging reflection data
crystals\reflectiondata.rst               2138   .. index:: MERGE
crystals\reflectiondata.rst               2620   .. index:: Theta-dependent Absorption Correction
crystals\reflectiondata.rst               2623   .. index:: THETABS
crystals\reflectiondata.rst               2709   .. index:: wILSON PLOT
crystals\reflectiondata.rst               2712   .. index:: WILSON
crystals\reflectiondata.rst               2752   .. index:: THLIM
crystals\reflectiondata.rst               2755   .. index:: THLIM
crystals\reflectiondata.rst               2795   .. index:: SIGMADIST
crystals\secret.rst                       10     .. index:: Secret LISTS
crystals\secret.rst                       38     .. index:: List 39
crystals\sfls.rst                         73     .. index:: Refinement
crystals\sfls.rst                         460    .. index:: Special positions
crystals\sfls.rst                         507    .. index:: Refinement - atomic parameters
crystals\sfls.rst                         612    .. index:: Refinement - overall parameters
crystals\sfls.rst                         682    .. index:: Structure factor calculation control
crystals\sfls.rst                         685    .. index:: LIST 23
crystals\sfls.rst                         1214   .. index:: Special position constraints
crystals\sfls.rst                         1359   .. index:: LIST 12
crystals\sfls.rst                         1362   .. index:: Refinement directives
crystals\sfls.rst                         1828   .. index:: LIST 16
crystals\sfls.rst                         1831   .. index:: Restraint directives
crystals\sfls.rst                         3228   .. index:: LIST 4
crystals\sfls.rst                         3231   .. index:: Weighting schemes
crystals\sfls.rst                         3757   .. index:: LIST 28
crystals\sfls.rst                         3760   .. index:: Reflection restriction
crystals\sfls.rst                         3763   .. index:: Omitting reflections
crystals\sfls.rst                         3766   .. index:: Cutting reflection data
crystals\sfls.rst                         4105   .. index:: SFLS
crystals\sfls.rst                         4108   .. index:: Structure factor least squares calculation
crystals\sfls.rst                         4835   .. index:: ANALYSE
crystals\sfls.rst                         4838   .. index:: Residual analysis
crystals\sfls.rst                         5089   .. index:: DIFABS
crystals\sfls.rst                         5092   .. index:: Least squares absorption corrrection
crystals\twin.rst                         15     .. index:: Twinning
